<?xml version="1.0" encoding="UTF-8"?>
<coverage generated="1777666672459" clover="3.2.0">
  <project timestamp="1777666672459" name="All files">
    <metrics statements="259" coveredstatements="96" conditionals="228" coveredconditionals="71" methods="55" coveredmethods="8" elements="542" coveredelements="175" complexity="0" loc="259" ncloc="259" packages="1" files="2" classes="2"/>
    <file name="ActiveSessionScreen.tsx" path="/Users/selvakumarsellamuthu/Documents/codespace/workout-app/WorkoutPlanner/src/screens/ActiveSessionScreen.tsx">
      <metrics statements="208" coveredstatements="72" conditionals="160" coveredconditionals="47" methods="41" coveredmethods="5"/>
      <line num="40" count="1" type="stmt"/>
      <line num="56" count="1" type="stmt"/>
      <line num="57" count="0" type="stmt"/>
      <line num="59" count="0" type="stmt"/>
      <line num="60" count="0" type="stmt"/>
      <line num="64" count="0" type="stmt"/>
      <line num="65" count="0" type="cond" truecount="0" falsecount="2"/>
      <line num="66" count="0" type="stmt"/>
      <line num="70" count="0" type="stmt"/>
      <line num="71" count="0" type="stmt"/>
      <line num="72" count="0" type="stmt"/>
      <line num="75" count="0" type="stmt"/>
      <line num="90" count="1" type="stmt"/>
      <line num="138" count="1" type="stmt"/>
      <line num="139" count="0" type="stmt"/>
      <line num="157" count="1" type="stmt"/>
      <line num="206" count="1" type="stmt"/>
      <line num="207" count="0" type="stmt"/>
      <line num="225" count="1" type="stmt"/>
      <line num="280" count="1" type="stmt"/>
      <line num="291" count="0" type="stmt"/>
      <line num="293" count="0" type="stmt"/>
      <line num="294" count="0" type="stmt"/>
      <line num="298" count="0" type="cond" truecount="0" falsecount="2"/>
      <line num="304" count="0" type="stmt"/>
      <line num="310" count="0" type="stmt"/>
      <line num="312" count="0" type="stmt"/>
      <line num="313" count="0" type="stmt"/>
      <line num="314" count="0" type="stmt"/>
      <line num="325" count="0" type="stmt"/>
      <line num="329" count="0" type="stmt"/>
      <line num="339" count="0" type="stmt"/>
      <line num="340" count="0" type="cond" truecount="0" falsecount="4"/>
      <line num="341" count="0" type="stmt"/>
      <line num="346" count="0" type="stmt"/>
      <line num="347" count="0" type="cond" truecount="0" falsecount="2"/>
      <line num="348" count="0" type="cond" truecount="0" falsecount="2"/>
      <line num="349" count="0" type="cond" truecount="0" falsecount="2"/>
      <line num="350" count="0" type="stmt"/>
      <line num="351" count="0" type="stmt"/>
      <line num="353" count="0" type="stmt"/>
      <line num="354" count="0" type="stmt"/>
      <line num="356" count="0" type="stmt"/>
      <line num="357" count="0" type="cond" truecount="0" falsecount="2"/>
      <line num="359" count="0" type="stmt"/>
      <line num="360" count="0" type="cond" truecount="0" falsecount="2"/>
      <line num="361" count="0" type="stmt"/>
      <line num="362" count="0" type="stmt"/>
      <line num="367" count="0" type="cond" truecount="0" falsecount="2"/>
      <line num="368" count="0" type="stmt"/>
      <line num="372" count="0" type="stmt"/>
      <line num="386" count="0" type="stmt"/>
      <line num="387" count="0" type="cond" truecount="0" falsecount="2"/>
      <line num="390" count="0" type="stmt"/>
      <line num="392" count="0" type="cond" truecount="0" falsecount="2"/>
      <line num="393" count="0" type="stmt"/>
      <line num="394" count="0" type="stmt"/>
      <line num="395" count="0" type="stmt"/>
      <line num="397" count="0" type="stmt"/>
      <line num="408" count="0" type="cond" truecount="0" falsecount="2"/>
      <line num="409" count="0" type="stmt"/>
      <line num="430" count="0" type="cond" truecount="0" falsecount="2"/>
      <line num="431" count="0" type="stmt"/>
      <line num="450" count="0" type="cond" truecount="0" falsecount="2"/>
      <line num="451" count="0" type="stmt"/>
      <line num="471" count="0" type="cond" truecount="0" falsecount="2"/>
      <line num="472" count="0" type="stmt"/>
      <line num="492" count="0" type="cond" truecount="0" falsecount="2"/>
      <line num="493" count="0" type="stmt"/>
      <line num="494" count="0" type="cond" truecount="0" falsecount="2"/>
      <line num="495" count="0" type="stmt"/>
      <line num="496" count="0" type="stmt"/>
      <line num="498" count="0" type="stmt"/>
      <line num="500" count="0" type="stmt"/>
      <line num="528" count="0" type="stmt"/>
      <line num="531" count="1" type="stmt"/>
      <line num="604" count="1" type="stmt"/>
      <line num="605" count="4" type="stmt"/>
      <line num="606" count="4" type="stmt"/>
      <line num="607" count="4" type="stmt"/>
      <line num="608" count="4" type="stmt"/>
      <line num="611" count="4" type="stmt"/>
      <line num="612" count="4" type="stmt"/>
      <line num="613" count="4" type="stmt"/>
      <line num="614" count="4" type="stmt"/>
      <line num="615" count="4" type="stmt"/>
      <line num="616" count="4" type="stmt"/>
      <line num="618" count="4" type="stmt"/>
      <line num="619" count="4" type="stmt"/>
      <line num="620" count="4" type="stmt"/>
      <line num="621" count="4" type="stmt"/>
      <line num="622" count="4" type="stmt"/>
      <line num="624" count="4" type="stmt"/>
      <line num="625" count="4" type="stmt"/>
      <line num="629" count="4" type="stmt"/>
      <line num="630" count="4" type="cond" truecount="2" falsecount="2"/>
      <line num="631" count="0" type="stmt"/>
      <line num="632" count="0" type="stmt"/>
      <line num="633" count="0" type="stmt"/>
      <line num="634" count="0" type="stmt"/>
      <line num="635" count="0" type="stmt"/>
      <line num="640" count="4" type="cond" truecount="1" falsecount="3"/>
      <line num="641" count="4" type="stmt"/>
      <line num="643" count="4" type="stmt"/>
      <line num="649" count="4" type="stmt"/>
      <line num="651" count="4" type="stmt"/>
      <line num="652" count="4" type="cond" truecount="2" falsecount="0"/>
      <line num="653" count="1" type="stmt"/>
      <line num="654" count="1" type="cond" truecount="1" falsecount="1"/>
      <line num="655" count="0" type="stmt"/>
      <line num="656" count="0" type="cond" truecount="0" falsecount="2"/>
      <line num="657" count="0" type="stmt"/>
      <line num="659" count="0" type="stmt"/>
      <line num="663" count="4" type="stmt"/>
      <line num="665" count="4" type="cond" truecount="2" falsecount="0"/>
      <line num="666" count="1" type="stmt"/>
      <line num="672" count="0" type="stmt"/>
      <line num="682" count="3" type="stmt"/>
      <line num="684" count="3" type="cond" truecount="3" falsecount="1"/>
      <line num="685" count="0" type="stmt"/>
      <line num="695" count="0" type="stmt"/>
      <line num="705" count="3" type="stmt"/>
      <line num="706" count="3" type="stmt"/>
      <line num="708" count="3" type="stmt"/>
      <line num="709" count="3" type="stmt"/>
      <line num="713" count="3" type="stmt"/>
      <line num="715" count="3" type="stmt"/>
      <line num="716" count="0" type="stmt"/>
      <line num="720" count="3" type="stmt"/>
      <line num="721" count="3" type="stmt"/>
      <line num="722" count="3" type="cond" truecount="1" falsecount="1"/>
      <line num="723" count="3" type="cond" truecount="1" falsecount="1"/>
      <line num="724" count="3" type="stmt"/>
      <line num="725" count="3" type="stmt"/>
      <line num="726" count="3" type="cond" truecount="2" falsecount="0"/>
      <line num="727" count="3" type="stmt"/>
      <line num="728" count="3" type="stmt"/>
      <line num="730" count="3" type="stmt"/>
      <line num="731" count="0" type="cond" truecount="0" falsecount="2"/>
      <line num="733" count="3" type="stmt"/>
      <line num="734" count="0" type="cond" truecount="0" falsecount="2"/>
      <line num="736" count="3" type="cond" truecount="1" falsecount="1"/>
      <line num="742" count="3" type="stmt"/>
      <line num="743" count="0" type="stmt"/>
      <line num="744" count="0" type="stmt"/>
      <line num="745" count="0" type="stmt"/>
      <line num="746" count="0" type="stmt"/>
      <line num="747" count="0" type="stmt"/>
      <line num="750" count="3" type="stmt"/>
      <line num="751" count="0" type="stmt"/>
      <line num="752" count="0" type="stmt"/>
      <line num="753" count="0" type="stmt"/>
      <line num="754" count="0" type="stmt"/>
      <line num="755" count="0" type="stmt"/>
      <line num="756" count="0" type="stmt"/>
      <line num="759" count="3" type="stmt"/>
      <line num="760" count="0" type="stmt"/>
      <line num="761" count="0" type="stmt"/>
      <line num="764" count="3" type="stmt"/>
      <line num="765" count="0" type="stmt"/>
      <line num="766" count="0" type="stmt"/>
      <line num="769" count="3" type="stmt"/>
      <line num="770" count="0" type="stmt"/>
      <line num="771" count="0" type="stmt"/>
      <line num="772" count="0" type="cond" truecount="0" falsecount="2"/>
      <line num="773" count="0" type="cond" truecount="0" falsecount="2"/>
      <line num="776" count="0" type="stmt"/>
      <line num="785" count="0" type="stmt"/>
      <line num="786" count="0" type="stmt"/>
      <line num="787" count="0" type="stmt"/>
      <line num="789" count="0" type="cond" truecount="0" falsecount="2"/>
      <line num="790" count="0" type="stmt"/>
      <line num="792" count="0" type="stmt"/>
      <line num="796" count="3" type="stmt"/>
      <line num="797" count="0" type="stmt"/>
      <line num="798" count="0" type="stmt"/>
      <line num="801" count="3" type="stmt"/>
      <line num="802" count="0" type="cond" truecount="0" falsecount="2"/>
      <line num="803" count="0" type="stmt"/>
      <line num="804" count="0" type="stmt"/>
      <line num="805" count="0" type="stmt"/>
      <line num="806" count="0" type="stmt"/>
      <line num="807" count="0" type="stmt"/>
      <line num="808" count="0" type="stmt"/>
      <line num="809" count="0" type="stmt"/>
      <line num="812" count="3" type="stmt"/>
      <line num="813" count="0" type="cond" truecount="0" falsecount="2"/>
      <line num="814" count="0" type="stmt"/>
      <line num="815" count="0" type="stmt"/>
      <line num="817" count="0" type="stmt"/>
      <line num="818" count="0" type="cond" truecount="0" falsecount="2"/>
      <line num="819" count="0" type="stmt"/>
      <line num="820" count="0" type="stmt"/>
      <line num="821" count="0" type="stmt"/>
      <line num="822" count="0" type="stmt"/>
      <line num="823" count="0" type="stmt"/>
      <line num="824" count="0" type="stmt"/>
      <line num="827" count="3" type="stmt"/>
      <line num="828" count="0" type="cond" truecount="0" falsecount="2"/>
      <line num="829" count="0" type="stmt"/>
      <line num="830" count="0" type="cond" truecount="0" falsecount="2"/>
      <line num="831" count="0" type="stmt"/>
      <line num="832" count="0" type="stmt"/>
      <line num="835" count="3" type="stmt"/>
      <line num="836" count="0" type="stmt"/>
      <line num="837" count="0" type="stmt"/>
      <line num="844" count="3" type="stmt"/>
      <line num="1069" count="1" type="stmt"/>
    </file>
    <file name="AddExerciseToWorkoutScreen.tsx" path="/Users/selvakumarsellamuthu/Documents/codespace/workout-app/WorkoutPlanner/src/screens/AddExerciseToWorkoutScreen.tsx">
      <metrics statements="51" coveredstatements="24" conditionals="68" coveredconditionals="24" methods="14" coveredmethods="3"/>
      <line num="23" count="1" type="stmt"/>
      <line num="31" count="1" type="stmt"/>
      <line num="42" count="1" type="stmt"/>
      <line num="60" count="1" type="stmt"/>
      <line num="61" count="5" type="stmt"/>
      <line num="62" count="5" type="cond" truecount="1" falsecount="1"/>
      <line num="63" count="5" type="stmt"/>
      <line num="64" count="5" type="stmt"/>
      <line num="66" count="5" type="cond" truecount="1" falsecount="1"/>
      <line num="67" count="0" type="stmt"/>
      <line num="69" count="5" type="cond" truecount="2" falsecount="2"/>
      <line num="73" count="5" type="stmt"/>
      <line num="74" count="5" type="stmt"/>
      <line num="77" count="5" type="stmt"/>
      <line num="78" count="5" type="stmt"/>
      <line num="79" count="5" type="stmt"/>
      <line num="80" count="5" type="stmt"/>
      <line num="81" count="5" type="stmt"/>
      <line num="84" count="5" type="cond" truecount="1" falsecount="1"/>
      <line num="88" count="5" type="stmt"/>
      <line num="89" count="0" type="stmt"/>
      <line num="97" count="0" type="cond" truecount="0" falsecount="2"/>
      <line num="98" count="0" type="stmt"/>
      <line num="99" count="0" type="stmt"/>
      <line num="100" count="0" type="cond" truecount="0" falsecount="2"/>
      <line num="101" count="0" type="cond" truecount="0" falsecount="2"/>
      <line num="102" count="0" type="stmt"/>
      <line num="105" count="0" type="stmt"/>
      <line num="106" count="0" type="stmt"/>
      <line num="109" count="0" type="stmt"/>
      <line num="110" count="0" type="cond" truecount="0" falsecount="4"/>
      <line num="111" count="0" type="stmt"/>
      <line num="118" count="0" type="stmt"/>
      <line num="126" count="0" type="cond" truecount="0" falsecount="2"/>
      <line num="127" count="0" type="stmt"/>
      <line num="129" count="0" type="stmt"/>
      <line num="133" count="5" type="stmt"/>
      <line num="162" count="20" type="stmt"/>
      <line num="168" count="0" type="stmt"/>
      <line num="194" count="0" type="stmt"/>
      <line num="202" count="15" type="stmt"/>
      <line num="203" count="15" type="stmt"/>
      <line num="211" count="0" type="stmt"/>
      <line num="212" count="0" type="cond" truecount="0" falsecount="2"/>
      <line num="213" count="0" type="stmt"/>
      <line num="218" count="0" type="stmt"/>
      <line num="271" count="0" type="stmt"/>
      <line num="272" count="0" type="cond" truecount="0" falsecount="2"/>
      <line num="286" count="0" type="stmt"/>
      <line num="287" count="0" type="cond" truecount="0" falsecount="2"/>
      <line num="331" count="1" type="stmt"/>
    </file>
  </project>
</coverage>
