{"/Users/selvakumarsellamuthu/Documents/codespace/workout-app/WorkoutPlanner/src/screens/ActiveSessionScreen.tsx": {"path":"/Users/selvakumarsellamuthu/Documents/codespace/workout-app/WorkoutPlanner/src/screens/ActiveSessionScreen.tsx","statementMap":{"0":{"start":{"line":40,"column":4},"end":{"line":44,"column":1}},"1":{"start":{"line":56,"column":38},"end":{"line":88,"column":1}},"2":{"start":{"line":57,"column":20},"end":{"line":57,"column":40}},"3":{"start":{"line":59,"column":2},"end":{"line":62,"column":9}},"4":{"start":{"line":60,"column":4},"end":{"line":60,"column":22}},"5":{"start":{"line":64,"column":2},"end":{"line":68,"column":33}},"6":{"start":{"line":65,"column":4},"end":{"line":67,"column":5}},"7":{"start":{"line":66,"column":6},"end":{"line":66,"column":15}},"8":{"start":{"line":70,"column":21},"end":{"line":73,"column":3}},"9":{"start":{"line":71,"column":4},"end":{"line":71,"column":22}},"10":{"start":{"line":72,"column":4},"end":{"line":72,"column":13}},"11":{"start":{"line":75,"column":2},"end":{"line":87,"column":4}},"12":{"start":{"line":90,"column":19},"end":{"line":127,"column":2}},"13":{"start":{"line":138,"column":50},"end":{"line":155,"column":1}},"14":{"start":{"line":139,"column":2},"end":{"line":154,"column":9}},"15":{"start":{"line":157,"column":23},"end":{"line":194,"column":2}},"16":{"start":{"line":206,"column":44},"end":{"line":223,"column":1}},"17":{"start":{"line":207,"column":2},"end":{"line":222,"column":9}},"18":{"start":{"line":225,"column":23},"end":{"line":262,"column":2}},"19":{"start":{"line":280,"column":50},"end":{"line":529,"column":1}},"20":{"start":{"line":291,"column":19},"end":{"line":291,"column":43}},"21":{"start":{"line":293,"column":58},"end":{"line":293,"column":87}},"22":{"start":{"line":294,"column":22},"end":{"line":294,"column":73}},"23":{"start":{"line":298,"column":43},"end":{"line":302,"column":3}},"24":{"start":{"line":304,"column":28},"end":{"line":323,"column":3}},"25":{"start":{"line":310,"column":21},"end":{"line":310,"column":52}},"26":{"start":{"line":312,"column":25},"end":{"line":312,"column":54}},"27":{"start":{"line":313,"column":26},"end":{"line":313,"column":81}},"28":{"start":{"line":314,"column":4},"end":{"line":322,"column":7}},"29":{"start":{"line":325,"column":32},"end":{"line":327,"column":3}},"30":{"start":{"line":329,"column":22},"end":{"line":337,"column":3}},"31":{"start":{"line":339,"column":2},"end":{"line":344,"column":26}},"32":{"start":{"line":340,"column":4},"end":{"line":342,"column":5}},"33":{"start":{"line":341,"column":6},"end":{"line":341,"column":33}},"34":{"start":{"line":346,"column":2},"end":{"line":365,"column":44}},"35":{"start":{"line":347,"column":4},"end":{"line":347,"column":46}},"36":{"start":{"line":347,"column":39},"end":{"line":347,"column":46}},"37":{"start":{"line":348,"column":4},"end":{"line":355,"column":5}},"38":{"start":{"line":349,"column":6},"end":{"line":352,"column":7}},"39":{"start":{"line":350,"column":8},"end":{"line":350,"column":43}},"40":{"start":{"line":351,"column":8},"end":{"line":351,"column":35}},"41":{"start":{"line":353,"column":6},"end":{"line":353,"column":22}},"42":{"start":{"line":354,"column":6},"end":{"line":354,"column":13}},"43":{"start":{"line":356,"column":4},"end":{"line":358,"column":13}},"44":{"start":{"line":357,"column":6},"end":{"line":357,"column":75}},"45":{"start":{"line":357,"column":41},"end":{"line":357,"column":72}},"46":{"start":{"line":359,"column":4},"end":{"line":364,"column":6}},"47":{"start":{"line":360,"column":6},"end":{"line":363,"column":7}},"48":{"start":{"line":361,"column":8},"end":{"line":361,"column":43}},"49":{"start":{"line":362,"column":8},"end":{"line":362,"column":35}},"50":{"start":{"line":367,"column":2},"end":{"line":384,"column":3}},"51":{"start":{"line":368,"column":4},"end":{"line":383,"column":6}},"52":{"start":{"line":372,"column":10},"end":{"line":375,"column":12}},"53":{"start":{"line":386,"column":20},"end":{"line":386,"column":69}},"54":{"start":{"line":387,"column":23},"end":{"line":389,"column":16}},"55":{"start":{"line":390,"column":28},"end":{"line":390,"column":49}},"56":{"start":{"line":392,"column":2},"end":{"line":406,"column":3}},"57":{"start":{"line":393,"column":24},"end":{"line":396,"column":5}},"58":{"start":{"line":394,"column":6},"end":{"line":394,"column":27}},"59":{"start":{"line":395,"column":6},"end":{"line":395,"column":26}},"60":{"start":{"line":397,"column":4},"end":{"line":405,"column":6}},"61":{"start":{"line":408,"column":2},"end":{"line":428,"column":3}},"62":{"start":{"line":409,"column":4},"end":{"line":427,"column":6}},"63":{"start":{"line":430,"column":2},"end":{"line":448,"column":3}},"64":{"start":{"line":431,"column":4},"end":{"line":447,"column":6}},"65":{"start":{"line":450,"column":2},"end":{"line":469,"column":3}},"66":{"start":{"line":451,"column":4},"end":{"line":468,"column":6}},"67":{"start":{"line":471,"column":2},"end":{"line":490,"column":3}},"68":{"start":{"line":472,"column":4},"end":{"line":489,"column":6}},"69":{"start":{"line":492,"column":2},"end":{"line":526,"column":3}},"70":{"start":{"line":493,"column":30},"end":{"line":499,"column":5}},"71":{"start":{"line":494,"column":6},"end":{"line":497,"column":7}},"72":{"start":{"line":495,"column":8},"end":{"line":495,"column":43}},"73":{"start":{"line":496,"column":8},"end":{"line":496,"column":35}},"74":{"start":{"line":498,"column":6},"end":{"line":498,"column":22}},"75":{"start":{"line":500,"column":4},"end":{"line":525,"column":6}},"76":{"start":{"line":528,"column":2},"end":{"line":528,"column":14}},"77":{"start":{"line":531,"column":19},"end":{"line":598,"column":2}},"78":{"start":{"line":604,"column":58},"end":{"line":1061,"column":1}},"79":{"start":{"line":605,"column":20},"end":{"line":605,"column":41}},"80":{"start":{"line":606,"column":20},"end":{"line":606,"column":41}},"81":{"start":{"line":607,"column":17},"end":{"line":607,"column":34}},"82":{"start":{"line":608,"column":22},"end":{"line":608,"column":47}},"83":{"start":{"line":611,"column":58},"end":{"line":611,"column":77}},"84":{"start":{"line":612,"column":50},"end":{"line":612,"column":69}},"85":{"start":{"line":613,"column":36},"end":{"line":613,"column":60}},"86":{"start":{"line":614,"column":38},"end":{"line":614,"column":62}},"87":{"start":{"line":615,"column":40},"end":{"line":615,"column":64}},"88":{"start":{"line":616,"column":56},"end":{"line":616,"column":80}},"89":{"start":{"line":618,"column":27},"end":{"line":618,"column":41}},"90":{"start":{"line":619,"column":23},"end":{"line":619,"column":37}},"91":{"start":{"line":620,"column":22},"end":{"line":620,"column":51}},"92":{"start":{"line":621,"column":44},"end":{"line":621,"column":68}},"93":{"start":{"line":622,"column":26},"end":{"line":622,"column":44}},"94":{"start":{"line":624,"column":2},"end":{"line":627,"column":9}},"95":{"start":{"line":625,"column":4},"end":{"line":625,"column":29}},"96":{"start":{"line":629,"column":2},"end":{"line":637,"column":42}},"97":{"start":{"line":630,"column":4},"end":{"line":636,"column":5}},"98":{"start":{"line":631,"column":6},"end":{"line":631,"column":30}},"99":{"start":{"line":632,"column":6},"end":{"line":632,"column":28}},"100":{"start":{"line":633,"column":6},"end":{"line":633,"column":26}},"101":{"start":{"line":634,"column":6},"end":{"line":634,"column":28}},"102":{"start":{"line":635,"column":6},"end":{"line":635,"column":27}},"103":{"start":{"line":640,"column":23},"end":{"line":640,"column":81}},"104":{"start":{"line":641,"column":2},"end":{"line":641,"column":106}},"105":{"start":{"line":643,"column":28},"end":{"line":647,"column":9}},"106":{"start":{"line":649,"column":26},"end":{"line":649,"column":39}},"107":{"start":{"line":651,"column":2},"end":{"line":661,"column":32}},"108":{"start":{"line":652,"column":4},"end":{"line":652,"column":49}},"109":{"start":{"line":652,"column":42},"end":{"line":652,"column":49}},"110":{"start":{"line":653,"column":16},"end":{"line":653,"column":41}},"111":{"start":{"line":654,"column":4},"end":{"line":654,"column":29}},"112":{"start":{"line":654,"column":22},"end":{"line":654,"column":29}},"113":{"start":{"line":655,"column":4},"end":{"line":655,"column":37}},"114":{"start":{"line":656,"column":4},"end":{"line":660,"column":5}},"115":{"start":{"line":657,"column":6},"end":{"line":657,"column":54}},"116":{"start":{"line":659,"column":6},"end":{"line":659,"column":26}},"117":{"start":{"line":663,"column":24},"end":{"line":663,"column":47}},"118":{"start":{"line":665,"column":2},"end":{"line":680,"column":3}},"119":{"start":{"line":666,"column":4},"end":{"line":679,"column":6}},"120":{"start":{"line":672,"column":27},"end":{"line":672,"column":46}},"121":{"start":{"line":682,"column":18},"end":{"line":682,"column":67}},"122":{"start":{"line":684,"column":2},"end":{"line":703,"column":3}},"123":{"start":{"line":685,"column":4},"end":{"line":702,"column":6}},"124":{"start":{"line":695,"column":27},"end":{"line":695,"column":46}},"125":{"start":{"line":705,"column":26},"end":{"line":705,"column":82}},"126":{"start":{"line":705,"column":64},"end":{"line":705,"column":81}},"127":{"start":{"line":706,"column":25},"end":{"line":706,"column":47}},"128":{"start":{"line":708,"column":19},"end":{"line":708,"column":37}},"129":{"start":{"line":709,"column":26},"end":{"line":709,"column":51}},"130":{"start":{"line":713,"column":25},"end":{"line":713,"column":35}},"131":{"start":{"line":715,"column":31},"end":{"line":717,"column":3}},"132":{"start":{"line":716,"column":4},"end":{"line":716,"column":33}},"133":{"start":{"line":720,"column":33},"end":{"line":720,"column":70}},"134":{"start":{"line":721,"column":19},"end":{"line":721,"column":79}},"135":{"start":{"line":722,"column":23},"end":{"line":722,"column":59}},"136":{"start":{"line":723,"column":37},"end":{"line":723,"column":74}},"137":{"start":{"line":724,"column":22},"end":{"line":724,"column":53}},"138":{"start":{"line":725,"column":20},"end":{"line":725,"column":47}},"139":{"start":{"line":726,"column":22},"end":{"line":726,"column":61}},"140":{"start":{"line":727,"column":25},"end":{"line":727,"column":68}},"141":{"start":{"line":728,"column":22},"end":{"line":728,"column":50}},"142":{"start":{"line":730,"column":26},"end":{"line":731,"column":61}},"143":{"start":{"line":731,"column":4},"end":{"line":731,"column":61}},"144":{"start":{"line":733,"column":30},"end":{"line":734,"column":58}},"145":{"start":{"line":734,"column":4},"end":{"line":734,"column":58}},"146":{"start":{"line":736,"column":23},"end":{"line":736,"column":45}},"147":{"start":{"line":742,"column":25},"end":{"line":748,"column":3}},"148":{"start":{"line":743,"column":4},"end":{"line":743,"column":25}},"149":{"start":{"line":744,"column":4},"end":{"line":744,"column":55}},"150":{"start":{"line":745,"column":4},"end":{"line":745,"column":39}},"151":{"start":{"line":746,"column":4},"end":{"line":746,"column":27}},"152":{"start":{"line":747,"column":4},"end":{"line":747,"column":45}},"153":{"start":{"line":747,"column":21},"end":{"line":747,"column":40}},"154":{"start":{"line":750,"column":32},"end":{"line":757,"column":3}},"155":{"start":{"line":751,"column":4},"end":{"line":751,"column":24}},"156":{"start":{"line":752,"column":4},"end":{"line":752,"column":28}},"157":{"start":{"line":753,"column":4},"end":{"line":753,"column":26}},"158":{"start":{"line":754,"column":4},"end":{"line":754,"column":24}},"159":{"start":{"line":755,"column":4},"end":{"line":755,"column":26}},"160":{"start":{"line":756,"column":4},"end":{"line":756,"column":25}},"161":{"start":{"line":759,"column":25},"end":{"line":762,"column":3}},"162":{"start":{"line":760,"column":4},"end":{"line":760,"column":25}},"163":{"start":{"line":761,"column":4},"end":{"line":761,"column":25}},"164":{"start":{"line":764,"column":26},"end":{"line":767,"column":3}},"165":{"start":{"line":765,"column":4},"end":{"line":765,"column":25}},"166":{"start":{"line":766,"column":4},"end":{"line":766,"column":26}},"167":{"start":{"line":769,"column":30},"end":{"line":794,"column":3}},"168":{"start":{"line":770,"column":4},"end":{"line":770,"column":25}},"169":{"start":{"line":771,"column":25},"end":{"line":771,"column":64}},"170":{"start":{"line":772,"column":21},"end":{"line":772,"column":46}},"171":{"start":{"line":773,"column":26},"end":{"line":775,"column":9}},"172":{"start":{"line":776,"column":4},"end":{"line":784,"column":7}},"173":{"start":{"line":785,"column":4},"end":{"line":785,"column":25}},"174":{"start":{"line":786,"column":4},"end":{"line":786,"column":26}},"175":{"start":{"line":787,"column":4},"end":{"line":787,"column":44}},"176":{"start":{"line":787,"column":34},"end":{"line":787,"column":42}},"177":{"start":{"line":789,"column":4},"end":{"line":793,"column":5}},"178":{"start":{"line":790,"column":6},"end":{"line":790,"column":25}},"179":{"start":{"line":792,"column":6},"end":{"line":792,"column":27}},"180":{"start":{"line":796,"column":25},"end":{"line":799,"column":3}},"181":{"start":{"line":797,"column":4},"end":{"line":797,"column":24}},"182":{"start":{"line":798,"column":4},"end":{"line":798,"column":25}},"183":{"start":{"line":801,"column":29},"end":{"line":810,"column":3}},"184":{"start":{"line":802,"column":4},"end":{"line":802,"column":43}},"185":{"start":{"line":802,"column":36},"end":{"line":802,"column":43}},"186":{"start":{"line":803,"column":4},"end":{"line":803,"column":48}},"187":{"start":{"line":803,"column":38},"end":{"line":803,"column":46}},"188":{"start":{"line":804,"column":4},"end":{"line":804,"column":27}},"189":{"start":{"line":805,"column":4},"end":{"line":805,"column":25}},"190":{"start":{"line":806,"column":4},"end":{"line":806,"column":26}},"191":{"start":{"line":807,"column":4},"end":{"line":807,"column":24}},"192":{"start":{"line":808,"column":4},"end":{"line":808,"column":34}},"193":{"start":{"line":809,"column":4},"end":{"line":809,"column":25}},"194":{"start":{"line":812,"column":29},"end":{"line":825,"column":3}},"195":{"start":{"line":813,"column":4},"end":{"line":816,"column":5}},"196":{"start":{"line":814,"column":6},"end":{"line":814,"column":35}},"197":{"start":{"line":815,"column":6},"end":{"line":815,"column":13}},"198":{"start":{"line":817,"column":4},"end":{"line":817,"column":34}},"199":{"start":{"line":818,"column":4},"end":{"line":818,"column":31}},"200":{"start":{"line":818,"column":24},"end":{"line":818,"column":31}},"201":{"start":{"line":819,"column":4},"end":{"line":819,"column":48}},"202":{"start":{"line":819,"column":38},"end":{"line":819,"column":46}},"203":{"start":{"line":820,"column":4},"end":{"line":820,"column":27}},"204":{"start":{"line":821,"column":4},"end":{"line":821,"column":25}},"205":{"start":{"line":822,"column":4},"end":{"line":822,"column":26}},"206":{"start":{"line":823,"column":4},"end":{"line":823,"column":24}},"207":{"start":{"line":824,"column":4},"end":{"line":824,"column":25}},"208":{"start":{"line":827,"column":25},"end":{"line":833,"column":3}},"209":{"start":{"line":828,"column":4},"end":{"line":828,"column":40}},"210":{"start":{"line":828,"column":33},"end":{"line":828,"column":40}},"211":{"start":{"line":829,"column":4},"end":{"line":829,"column":35}},"212":{"start":{"line":830,"column":22},"end":{"line":830,"column":55}},"213":{"start":{"line":831,"column":4},"end":{"line":831,"column":67}},"214":{"start":{"line":832,"column":4},"end":{"line":832,"column":32}},"215":{"start":{"line":835,"column":24},"end":{"line":838,"column":3}},"216":{"start":{"line":836,"column":4},"end":{"line":836,"column":49}},"217":{"start":{"line":837,"column":4},"end":{"line":837,"column":31}},"218":{"start":{"line":844,"column":2},"end":{"line":1060,"column":4}},"219":{"start":{"line":1069,"column":15},"end":{"line":1284,"column":2}}},"fnMap":{"0":{"name":"(anonymous_0)","decl":{"start":{"line":56,"column":38},"end":{"line":56,"column":39}},"loc":{"start":{"line":56,"column":70},"end":{"line":88,"column":1}},"line":56},"1":{"name":"(anonymous_1)","decl":{"start":{"line":59,"column":12},"end":{"line":59,"column":13}},"loc":{"start":{"line":59,"column":18},"end":{"line":62,"column":3}},"line":59},"2":{"name":"(anonymous_2)","decl":{"start":{"line":64,"column":12},"end":{"line":64,"column":13}},"loc":{"start":{"line":64,"column":18},"end":{"line":68,"column":3}},"line":64},"3":{"name":"(anonymous_3)","decl":{"start":{"line":70,"column":21},"end":{"line":70,"column":22}},"loc":{"start":{"line":70,"column":27},"end":{"line":73,"column":3}},"line":70},"4":{"name":"(anonymous_4)","decl":{"start":{"line":138,"column":50},"end":{"line":138,"column":51}},"loc":{"start":{"line":139,"column":2},"end":{"line":154,"column":9}},"line":139},"5":{"name":"(anonymous_5)","decl":{"start":{"line":206,"column":44},"end":{"line":206,"column":45}},"loc":{"start":{"line":207,"column":2},"end":{"line":222,"column":9}},"line":207},"6":{"name":"(anonymous_6)","decl":{"start":{"line":280,"column":50},"end":{"line":280,"column":51}},"loc":{"start":{"line":290,"column":6},"end":{"line":529,"column":1}},"line":290},"7":{"name":"(anonymous_7)","decl":{"start":{"line":304,"column":28},"end":{"line":304,"column":29}},"loc":{"start":{"line":309,"column":7},"end":{"line":323,"column":3}},"line":309},"8":{"name":"(anonymous_8)","decl":{"start":{"line":325,"column":32},"end":{"line":325,"column":33}},"loc":{"start":{"line":325,"column":38},"end":{"line":327,"column":3}},"line":325},"9":{"name":"(anonymous_9)","decl":{"start":{"line":339,"column":12},"end":{"line":339,"column":13}},"loc":{"start":{"line":339,"column":18},"end":{"line":344,"column":3}},"line":339},"10":{"name":"(anonymous_10)","decl":{"start":{"line":346,"column":12},"end":{"line":346,"column":13}},"loc":{"start":{"line":346,"column":18},"end":{"line":365,"column":3}},"line":346},"11":{"name":"(anonymous_11)","decl":{"start":{"line":356,"column":38},"end":{"line":356,"column":39}},"loc":{"start":{"line":356,"column":44},"end":{"line":358,"column":5}},"line":356},"12":{"name":"(anonymous_12)","decl":{"start":{"line":357,"column":30},"end":{"line":357,"column":31}},"loc":{"start":{"line":357,"column":41},"end":{"line":357,"column":72}},"line":357},"13":{"name":"(anonymous_13)","decl":{"start":{"line":359,"column":11},"end":{"line":359,"column":12}},"loc":{"start":{"line":359,"column":17},"end":{"line":364,"column":5}},"line":359},"14":{"name":"(anonymous_14)","decl":{"start":{"line":371,"column":17},"end":{"line":371,"column":18}},"loc":{"start":{"line":372,"column":10},"end":{"line":375,"column":12}},"line":372},"15":{"name":"(anonymous_15)","decl":{"start":{"line":393,"column":24},"end":{"line":393,"column":25}},"loc":{"start":{"line":393,"column":30},"end":{"line":396,"column":5}},"line":393},"16":{"name":"(anonymous_16)","decl":{"start":{"line":493,"column":30},"end":{"line":493,"column":31}},"loc":{"start":{"line":493,"column":36},"end":{"line":499,"column":5}},"line":493},"17":{"name":"(anonymous_17)","decl":{"start":{"line":604,"column":58},"end":{"line":604,"column":59}},"loc":{"start":{"line":604,"column":64},"end":{"line":1061,"column":1}},"line":604},"18":{"name":"(anonymous_18)","decl":{"start":{"line":624,"column":12},"end":{"line":624,"column":13}},"loc":{"start":{"line":624,"column":18},"end":{"line":627,"column":3}},"line":624},"19":{"name":"(anonymous_19)","decl":{"start":{"line":629,"column":12},"end":{"line":629,"column":13}},"loc":{"start":{"line":629,"column":18},"end":{"line":637,"column":3}},"line":629},"20":{"name":"(anonymous_20)","decl":{"start":{"line":651,"column":12},"end":{"line":651,"column":13}},"loc":{"start":{"line":651,"column":18},"end":{"line":661,"column":3}},"line":651},"21":{"name":"(anonymous_21)","decl":{"start":{"line":672,"column":21},"end":{"line":672,"column":22}},"loc":{"start":{"line":672,"column":27},"end":{"line":672,"column":46}},"line":672},"22":{"name":"(anonymous_22)","decl":{"start":{"line":695,"column":21},"end":{"line":695,"column":22}},"loc":{"start":{"line":695,"column":27},"end":{"line":695,"column":46}},"line":695},"23":{"name":"(anonymous_23)","decl":{"start":{"line":705,"column":54},"end":{"line":705,"column":55}},"loc":{"start":{"line":705,"column":64},"end":{"line":705,"column":81}},"line":705},"24":{"name":"(anonymous_24)","decl":{"start":{"line":715,"column":31},"end":{"line":715,"column":32}},"loc":{"start":{"line":715,"column":51},"end":{"line":717,"column":3}},"line":715},"25":{"name":"(anonymous_25)","decl":{"start":{"line":730,"column":26},"end":{"line":730,"column":27}},"loc":{"start":{"line":731,"column":4},"end":{"line":731,"column":61}},"line":731},"26":{"name":"(anonymous_26)","decl":{"start":{"line":733,"column":30},"end":{"line":733,"column":31}},"loc":{"start":{"line":734,"column":4},"end":{"line":734,"column":58}},"line":734},"27":{"name":"(anonymous_27)","decl":{"start":{"line":742,"column":25},"end":{"line":742,"column":26}},"loc":{"start":{"line":742,"column":31},"end":{"line":748,"column":3}},"line":742},"28":{"name":"(anonymous_28)","decl":{"start":{"line":747,"column":15},"end":{"line":747,"column":16}},"loc":{"start":{"line":747,"column":21},"end":{"line":747,"column":40}},"line":747},"29":{"name":"(anonymous_29)","decl":{"start":{"line":750,"column":32},"end":{"line":750,"column":33}},"loc":{"start":{"line":750,"column":38},"end":{"line":757,"column":3}},"line":750},"30":{"name":"(anonymous_30)","decl":{"start":{"line":759,"column":25},"end":{"line":759,"column":26}},"loc":{"start":{"line":759,"column":31},"end":{"line":762,"column":3}},"line":759},"31":{"name":"(anonymous_31)","decl":{"start":{"line":764,"column":26},"end":{"line":764,"column":27}},"loc":{"start":{"line":764,"column":32},"end":{"line":767,"column":3}},"line":764},"32":{"name":"(anonymous_32)","decl":{"start":{"line":769,"column":30},"end":{"line":769,"column":31}},"loc":{"start":{"line":769,"column":36},"end":{"line":794,"column":3}},"line":769},"33":{"name":"(anonymous_33)","decl":{"start":{"line":787,"column":24},"end":{"line":787,"column":25}},"loc":{"start":{"line":787,"column":34},"end":{"line":787,"column":42}},"line":787},"34":{"name":"(anonymous_34)","decl":{"start":{"line":796,"column":25},"end":{"line":796,"column":26}},"loc":{"start":{"line":796,"column":31},"end":{"line":799,"column":3}},"line":796},"35":{"name":"(anonymous_35)","decl":{"start":{"line":801,"column":29},"end":{"line":801,"column":30}},"loc":{"start":{"line":801,"column":35},"end":{"line":810,"column":3}},"line":801},"36":{"name":"(anonymous_36)","decl":{"start":{"line":803,"column":28},"end":{"line":803,"column":29}},"loc":{"start":{"line":803,"column":38},"end":{"line":803,"column":46}},"line":803},"37":{"name":"(anonymous_37)","decl":{"start":{"line":812,"column":29},"end":{"line":812,"column":30}},"loc":{"start":{"line":812,"column":35},"end":{"line":825,"column":3}},"line":812},"38":{"name":"(anonymous_38)","decl":{"start":{"line":819,"column":28},"end":{"line":819,"column":29}},"loc":{"start":{"line":819,"column":38},"end":{"line":819,"column":46}},"line":819},"39":{"name":"(anonymous_39)","decl":{"start":{"line":827,"column":25},"end":{"line":827,"column":26}},"loc":{"start":{"line":827,"column":31},"end":{"line":833,"column":3}},"line":827},"40":{"name":"(anonymous_40)","decl":{"start":{"line":835,"column":24},"end":{"line":835,"column":25}},"loc":{"start":{"line":835,"column":30},"end":{"line":838,"column":3}},"line":835}},"branchMap":{"0":{"loc":{"start":{"line":65,"column":4},"end":{"line":67,"column":5}},"type":"if","locations":[{"start":{"line":65,"column":4},"end":{"line":67,"column":5}},{"start":{},"end":{}}],"line":65},"1":{"loc":{"start":{"line":298,"column":43},"end":{"line":302,"column":3}},"type":"binary-expr","locations":[{"start":{"line":298,"column":43},"end":{"line":298,"column":58}},{"start":{"line":298,"column":62},"end":{"line":302,"column":3}}],"line":298},"2":{"loc":{"start":{"line":340,"column":4},"end":{"line":342,"column":5}},"type":"if","locations":[{"start":{"line":340,"column":4},"end":{"line":342,"column":5}},{"start":{},"end":{}}],"line":340},"3":{"loc":{"start":{"line":340,"column":8},"end":{"line":340,"column":69}},"type":"binary-expr","locations":[{"start":{"line":340,"column":8},"end":{"line":340,"column":36}},{"start":{"line":340,"column":40},"end":{"line":340,"column":69}}],"line":340},"4":{"loc":{"start":{"line":347,"column":4},"end":{"line":347,"column":46}},"type":"if","locations":[{"start":{"line":347,"column":4},"end":{"line":347,"column":46}},{"start":{},"end":{}}],"line":347},"5":{"loc":{"start":{"line":348,"column":4},"end":{"line":355,"column":5}},"type":"if","locations":[{"start":{"line":348,"column":4},"end":{"line":355,"column":5}},{"start":{},"end":{}}],"line":348},"6":{"loc":{"start":{"line":349,"column":6},"end":{"line":352,"column":7}},"type":"if","locations":[{"start":{"line":349,"column":6},"end":{"line":352,"column":7}},{"start":{},"end":{}}],"line":349},"7":{"loc":{"start":{"line":357,"column":41},"end":{"line":357,"column":72}},"type":"cond-expr","locations":[{"start":{"line":357,"column":57},"end":{"line":357,"column":65}},{"start":{"line":357,"column":68},"end":{"line":357,"column":72}}],"line":357},"8":{"loc":{"start":{"line":360,"column":6},"end":{"line":363,"column":7}},"type":"if","locations":[{"start":{"line":360,"column":6},"end":{"line":363,"column":7}},{"start":{},"end":{}}],"line":360},"9":{"loc":{"start":{"line":367,"column":2},"end":{"line":384,"column":3}},"type":"if","locations":[{"start":{"line":367,"column":2},"end":{"line":384,"column":3}},{"start":{},"end":{}}],"line":367},"10":{"loc":{"start":{"line":387,"column":23},"end":{"line":389,"column":16}},"type":"cond-expr","locations":[{"start":{"line":388,"column":6},"end":{"line":388,"column":43}},{"start":{"line":389,"column":6},"end":{"line":389,"column":16}}],"line":387},"11":{"loc":{"start":{"line":392,"column":2},"end":{"line":406,"column":3}},"type":"if","locations":[{"start":{"line":392,"column":2},"end":{"line":406,"column":3}},{"start":{},"end":{}}],"line":392},"12":{"loc":{"start":{"line":408,"column":2},"end":{"line":428,"column":3}},"type":"if","locations":[{"start":{"line":408,"column":2},"end":{"line":428,"column":3}},{"start":{},"end":{}}],"line":408},"13":{"loc":{"start":{"line":411,"column":9},"end":{"line":419,"column":9}},"type":"binary-expr","locations":[{"start":{"line":411,"column":9},"end":{"line":411,"column":40}},{"start":{"line":412,"column":10},"end":{"line":418,"column":17}}],"line":411},"14":{"loc":{"start":{"line":430,"column":2},"end":{"line":448,"column":3}},"type":"if","locations":[{"start":{"line":430,"column":2},"end":{"line":448,"column":3}},{"start":{},"end":{}}],"line":430},"15":{"loc":{"start":{"line":433,"column":9},"end":{"line":441,"column":9}},"type":"binary-expr","locations":[{"start":{"line":433,"column":9},"end":{"line":433,"column":40}},{"start":{"line":434,"column":10},"end":{"line":440,"column":17}}],"line":433},"16":{"loc":{"start":{"line":450,"column":2},"end":{"line":469,"column":3}},"type":"if","locations":[{"start":{"line":450,"column":2},"end":{"line":469,"column":3}},{"start":{},"end":{}}],"line":450},"17":{"loc":{"start":{"line":453,"column":9},"end":{"line":461,"column":9}},"type":"binary-expr","locations":[{"start":{"line":453,"column":9},"end":{"line":453,"column":40}},{"start":{"line":454,"column":10},"end":{"line":460,"column":17}}],"line":453},"18":{"loc":{"start":{"line":471,"column":2},"end":{"line":490,"column":3}},"type":"if","locations":[{"start":{"line":471,"column":2},"end":{"line":490,"column":3}},{"start":{},"end":{}}],"line":471},"19":{"loc":{"start":{"line":474,"column":9},"end":{"line":482,"column":9}},"type":"binary-expr","locations":[{"start":{"line":474,"column":9},"end":{"line":474,"column":40}},{"start":{"line":475,"column":10},"end":{"line":481,"column":17}}],"line":474},"20":{"loc":{"start":{"line":492,"column":2},"end":{"line":526,"column":3}},"type":"if","locations":[{"start":{"line":492,"column":2},"end":{"line":526,"column":3}},{"start":{},"end":{}}],"line":492},"21":{"loc":{"start":{"line":494,"column":6},"end":{"line":497,"column":7}},"type":"if","locations":[{"start":{"line":494,"column":6},"end":{"line":497,"column":7}},{"start":{},"end":{}}],"line":494},"22":{"loc":{"start":{"line":502,"column":9},"end":{"line":508,"column":9}},"type":"binary-expr","locations":[{"start":{"line":502,"column":9},"end":{"line":502,"column":40}},{"start":{"line":503,"column":10},"end":{"line":507,"column":12}}],"line":502},"23":{"loc":{"start":{"line":510,"column":9},"end":{"line":516,"column":9}},"type":"cond-expr","locations":[{"start":{"line":511,"column":10},"end":{"line":513,"column":17}},{"start":{"line":515,"column":10},"end":{"line":515,"column":85}}],"line":510},"24":{"loc":{"start":{"line":630,"column":4},"end":{"line":636,"column":5}},"type":"if","locations":[{"start":{"line":630,"column":4},"end":{"line":636,"column":5}},{"start":{},"end":{}}],"line":630},"25":{"loc":{"start":{"line":630,"column":8},"end":{"line":630,"column":43}},"type":"binary-expr","locations":[{"start":{"line":630,"column":8},"end":{"line":630,"column":26}},{"start":{"line":630,"column":30},"end":{"line":630,"column":43}}],"line":630},"26":{"loc":{"start":{"line":640,"column":23},"end":{"line":640,"column":81}},"type":"binary-expr","locations":[{"start":{"line":640,"column":23},"end":{"line":640,"column":33}},{"start":{"line":640,"column":37},"end":{"line":640,"column":49}},{"start":{"line":640,"column":53},"end":{"line":640,"column":67}},{"start":{"line":640,"column":71},"end":{"line":640,"column":81}}],"line":640},"27":{"loc":{"start":{"line":652,"column":4},"end":{"line":652,"column":49}},"type":"if","locations":[{"start":{"line":652,"column":4},"end":{"line":652,"column":49}},{"start":{},"end":{}}],"line":652},"28":{"loc":{"start":{"line":654,"column":4},"end":{"line":654,"column":29}},"type":"if","locations":[{"start":{"line":654,"column":4},"end":{"line":654,"column":29}},{"start":{},"end":{}}],"line":654},"29":{"loc":{"start":{"line":656,"column":4},"end":{"line":660,"column":5}},"type":"if","locations":[{"start":{"line":656,"column":4},"end":{"line":660,"column":5}},{"start":{"line":658,"column":11},"end":{"line":660,"column":5}}],"line":656},"30":{"loc":{"start":{"line":665,"column":2},"end":{"line":680,"column":3}},"type":"if","locations":[{"start":{"line":665,"column":2},"end":{"line":680,"column":3}},{"start":{},"end":{}}],"line":665},"31":{"loc":{"start":{"line":684,"column":2},"end":{"line":703,"column":3}},"type":"if","locations":[{"start":{"line":684,"column":2},"end":{"line":703,"column":3}},{"start":{},"end":{}}],"line":684},"32":{"loc":{"start":{"line":684,"column":6},"end":{"line":684,"column":61}},"type":"binary-expr","locations":[{"start":{"line":684,"column":6},"end":{"line":684,"column":27}},{"start":{"line":684,"column":31},"end":{"line":684,"column":61}}],"line":684},"33":{"loc":{"start":{"line":689,"column":13},"end":{"line":691,"column":48}},"type":"cond-expr","locations":[{"start":{"line":690,"column":16},"end":{"line":690,"column":36}},{"start":{"line":691,"column":16},"end":{"line":691,"column":48}}],"line":689},"34":{"loc":{"start":{"line":722,"column":23},"end":{"line":722,"column":59}},"type":"binary-expr","locations":[{"start":{"line":722,"column":23},"end":{"line":722,"column":37}},{"start":{"line":722,"column":41},"end":{"line":722,"column":59}}],"line":722},"35":{"loc":{"start":{"line":723,"column":37},"end":{"line":723,"column":74}},"type":"binary-expr","locations":[{"start":{"line":723,"column":37},"end":{"line":723,"column":58}},{"start":{"line":723,"column":62},"end":{"line":723,"column":74}}],"line":723},"36":{"loc":{"start":{"line":726,"column":22},"end":{"line":726,"column":61}},"type":"binary-expr","locations":[{"start":{"line":726,"column":22},"end":{"line":726,"column":56}},{"start":{"line":726,"column":60},"end":{"line":726,"column":61}}],"line":726},"37":{"loc":{"start":{"line":731,"column":4},"end":{"line":731,"column":61}},"type":"binary-expr","locations":[{"start":{"line":731,"column":4},"end":{"line":731,"column":47}},{"start":{"line":731,"column":51},"end":{"line":731,"column":61}}],"line":731},"38":{"loc":{"start":{"line":734,"column":4},"end":{"line":734,"column":58}},"type":"binary-expr","locations":[{"start":{"line":734,"column":4},"end":{"line":734,"column":51}},{"start":{"line":734,"column":55},"end":{"line":734,"column":58}}],"line":734},"39":{"loc":{"start":{"line":736,"column":23},"end":{"line":736,"column":45}},"type":"binary-expr","locations":[{"start":{"line":736,"column":23},"end":{"line":736,"column":39}},{"start":{"line":736,"column":43},"end":{"line":736,"column":45}}],"line":736},"40":{"loc":{"start":{"line":772,"column":21},"end":{"line":772,"column":46}},"type":"binary-expr","locations":[{"start":{"line":772,"column":21},"end":{"line":772,"column":39}},{"start":{"line":772,"column":43},"end":{"line":772,"column":46}}],"line":772},"41":{"loc":{"start":{"line":773,"column":26},"end":{"line":775,"column":9}},"type":"cond-expr","locations":[{"start":{"line":774,"column":8},"end":{"line":774,"column":63}},{"start":{"line":775,"column":8},"end":{"line":775,"column":9}}],"line":773},"42":{"loc":{"start":{"line":781,"column":17},"end":{"line":781,"column":68}},"type":"binary-expr","locations":[{"start":{"line":781,"column":17},"end":{"line":781,"column":40}},{"start":{"line":781,"column":44},"end":{"line":781,"column":68}}],"line":781},"43":{"loc":{"start":{"line":789,"column":4},"end":{"line":793,"column":5}},"type":"if","locations":[{"start":{"line":789,"column":4},"end":{"line":793,"column":5}},{"start":{"line":791,"column":11},"end":{"line":793,"column":5}}],"line":789},"44":{"loc":{"start":{"line":802,"column":4},"end":{"line":802,"column":43}},"type":"if","locations":[{"start":{"line":802,"column":4},"end":{"line":802,"column":43}},{"start":{},"end":{}}],"line":802},"45":{"loc":{"start":{"line":813,"column":4},"end":{"line":816,"column":5}},"type":"if","locations":[{"start":{"line":813,"column":4},"end":{"line":816,"column":5}},{"start":{},"end":{}}],"line":813},"46":{"loc":{"start":{"line":818,"column":4},"end":{"line":818,"column":31}},"type":"if","locations":[{"start":{"line":818,"column":4},"end":{"line":818,"column":31}},{"start":{},"end":{}}],"line":818},"47":{"loc":{"start":{"line":828,"column":4},"end":{"line":828,"column":40}},"type":"if","locations":[{"start":{"line":828,"column":4},"end":{"line":828,"column":40}},{"start":{},"end":{}}],"line":828},"48":{"loc":{"start":{"line":830,"column":22},"end":{"line":830,"column":55}},"type":"binary-expr","locations":[{"start":{"line":830,"column":22},"end":{"line":830,"column":49}},{"start":{"line":830,"column":53},"end":{"line":830,"column":55}}],"line":830},"49":{"loc":{"start":{"line":876,"column":11},"end":{"line":908,"column":11}},"type":"cond-expr","locations":[{"start":{"line":877,"column":12},"end":{"line":879,"column":19}},{"start":{"line":881,"column":12},"end":{"line":907,"column":15}}],"line":876},"50":{"loc":{"start":{"line":878,"column":59},"end":{"line":878,"column":90}},"type":"cond-expr","locations":[{"start":{"line":878,"column":82},"end":{"line":878,"column":85}},{"start":{"line":878,"column":88},"end":{"line":878,"column":90}}],"line":878},"51":{"loc":{"start":{"line":905,"column":17},"end":{"line":905,"column":54}},"type":"cond-expr","locations":[{"start":{"line":905,"column":31},"end":{"line":905,"column":49}},{"start":{"line":905,"column":52},"end":{"line":905,"column":54}}],"line":905},"52":{"loc":{"start":{"line":912,"column":9},"end":{"line":924,"column":9}},"type":"binary-expr","locations":[{"start":{"line":912,"column":9},"end":{"line":912,"column":17}},{"start":{"line":913,"column":10},"end":{"line":923,"column":12}}],"line":912},"53":{"loc":{"start":{"line":927,"column":9},"end":{"line":934,"column":9}},"type":"binary-expr","locations":[{"start":{"line":927,"column":9},"end":{"line":927,"column":18}},{"start":{"line":927,"column":22},"end":{"line":927,"column":32}},{"start":{"line":927,"column":36},"end":{"line":927,"column":49}},{"start":{"line":928,"column":10},"end":{"line":933,"column":12}}],"line":927},"54":{"loc":{"start":{"line":937,"column":9},"end":{"line":979,"column":9}},"type":"binary-expr","locations":[{"start":{"line":937,"column":9},"end":{"line":937,"column":18}},{"start":{"line":937,"column":22},"end":{"line":937,"column":32}},{"start":{"line":937,"column":36},"end":{"line":937,"column":50}},{"start":{"line":938,"column":10},"end":{"line":978,"column":17}}],"line":937},"55":{"loc":{"start":{"line":946,"column":13},"end":{"line":977,"column":13}},"type":"binary-expr","locations":[{"start":{"line":946,"column":13},"end":{"line":946,"column":25}},{"start":{"line":947,"column":14},"end":{"line":976,"column":21}}],"line":946},"56":{"loc":{"start":{"line":952,"column":20},"end":{"line":952,"column":77}},"type":"cond-expr","locations":[{"start":{"line":952,"column":33},"end":{"line":952,"column":53}},{"start":{"line":952,"column":56},"end":{"line":952,"column":77}}],"line":952},"57":{"loc":{"start":{"line":954,"column":27},"end":{"line":954,"column":76}},"type":"cond-expr","locations":[{"start":{"line":954,"column":40},"end":{"line":954,"column":59}},{"start":{"line":954,"column":62},"end":{"line":954,"column":76}}],"line":954},"58":{"loc":{"start":{"line":955,"column":38},"end":{"line":955,"column":83}},"type":"cond-expr","locations":[{"start":{"line":955,"column":51},"end":{"line":955,"column":69}},{"start":{"line":955,"column":72},"end":{"line":955,"column":83}}],"line":955},"59":{"loc":{"start":{"line":958,"column":21},"end":{"line":958,"column":64}},"type":"cond-expr","locations":[{"start":{"line":958,"column":34},"end":{"line":958,"column":50}},{"start":{"line":958,"column":53},"end":{"line":958,"column":64}}],"line":958},"60":{"loc":{"start":{"line":961,"column":17},"end":{"line":975,"column":17}},"type":"binary-expr","locations":[{"start":{"line":961,"column":17},"end":{"line":961,"column":27}},{"start":{"line":962,"column":18},"end":{"line":974,"column":30}}],"line":961},"61":{"loc":{"start":{"line":966,"column":22},"end":{"line":966,"column":59}},"type":"binary-expr","locations":[{"start":{"line":966,"column":22},"end":{"line":966,"column":33}},{"start":{"line":966,"column":37},"end":{"line":966,"column":59}}],"line":966},"62":{"loc":{"start":{"line":968,"column":29},"end":{"line":968,"column":75}},"type":"cond-expr","locations":[{"start":{"line":968,"column":43},"end":{"line":968,"column":58}},{"start":{"line":968,"column":61},"end":{"line":968,"column":75}}],"line":968},"63":{"loc":{"start":{"line":969,"column":40},"end":{"line":969,"column":92}},"type":"cond-expr","locations":[{"start":{"line":969,"column":54},"end":{"line":969,"column":72}},{"start":{"line":969,"column":75},"end":{"line":969,"column":92}}],"line":969},"64":{"loc":{"start":{"line":972,"column":23},"end":{"line":972,"column":55}},"type":"cond-expr","locations":[{"start":{"line":972,"column":37},"end":{"line":972,"column":45}},{"start":{"line":972,"column":48},"end":{"line":972,"column":55}}],"line":972},"65":{"loc":{"start":{"line":982,"column":9},"end":{"line":988,"column":9}},"type":"binary-expr","locations":[{"start":{"line":982,"column":9},"end":{"line":982,"column":18}},{"start":{"line":982,"column":22},"end":{"line":982,"column":31}},{"start":{"line":982,"column":35},"end":{"line":982,"column":50}},{"start":{"line":983,"column":10},"end":{"line":987,"column":12}}],"line":982},"66":{"loc":{"start":{"line":991,"column":9},"end":{"line":1039,"column":9}},"type":"binary-expr","locations":[{"start":{"line":991,"column":9},"end":{"line":991,"column":18}},{"start":{"line":992,"column":10},"end":{"line":1038,"column":13}}],"line":991},"67":{"loc":{"start":{"line":997,"column":18},"end":{"line":997,"column":72}},"type":"binary-expr","locations":[{"start":{"line":997,"column":18},"end":{"line":997,"column":44}},{"start":{"line":997,"column":48},"end":{"line":997,"column":72}}],"line":997},"68":{"loc":{"start":{"line":1006,"column":20},"end":{"line":1006,"column":78}},"type":"binary-expr","locations":[{"start":{"line":1006,"column":20},"end":{"line":1006,"column":46}},{"start":{"line":1006,"column":50},"end":{"line":1006,"column":78}}],"line":1006},"69":{"loc":{"start":{"line":1016,"column":18},"end":{"line":1016,"column":75}},"type":"binary-expr","locations":[{"start":{"line":1016,"column":18},"end":{"line":1016,"column":32}},{"start":{"line":1016,"column":36},"end":{"line":1016,"column":47}},{"start":{"line":1016,"column":51},"end":{"line":1016,"column":75}}],"line":1016},"70":{"loc":{"start":{"line":1019,"column":26},"end":{"line":1019,"column":55}},"type":"binary-expr","locations":[{"start":{"line":1019,"column":26},"end":{"line":1019,"column":40}},{"start":{"line":1019,"column":44},"end":{"line":1019,"column":55}}],"line":1019},"71":{"loc":{"start":{"line":1021,"column":18},"end":{"line":1021,"column":77}},"type":"cond-expr","locations":[{"start":{"line":1021,"column":35},"end":{"line":1021,"column":53}},{"start":{"line":1021,"column":56},"end":{"line":1021,"column":77}}],"line":1021},"72":{"loc":{"start":{"line":1027,"column":20},"end":{"line":1027,"column":81}},"type":"binary-expr","locations":[{"start":{"line":1027,"column":20},"end":{"line":1027,"column":34}},{"start":{"line":1027,"column":38},"end":{"line":1027,"column":49}},{"start":{"line":1027,"column":53},"end":{"line":1027,"column":81}}],"line":1027},"73":{"loc":{"start":{"line":1030,"column":19},"end":{"line":1030,"column":63}},"type":"cond-expr","locations":[{"start":{"line":1030,"column":36},"end":{"line":1030,"column":54}},{"start":{"line":1030,"column":57},"end":{"line":1030,"column":63}}],"line":1030},"74":{"loc":{"start":{"line":1035,"column":13},"end":{"line":1037,"column":13}},"type":"binary-expr","locations":[{"start":{"line":1035,"column":13},"end":{"line":1035,"column":32}},{"start":{"line":1036,"column":14},"end":{"line":1036,"column":77}}],"line":1035}},"s":{"0":1,"1":1,"2":0,"3":0,"4":0,"5":0,"6":0,"7":0,"8":0,"9":0,"10":0,"11":0,"12":1,"13":1,"14":0,"15":1,"16":1,"17":0,"18":1,"19":1,"20":0,"21":0,"22":0,"23":0,"24":0,"25":0,"26":0,"27":0,"28":0,"29":0,"30":0,"31":0,"32":0,"33":0,"34":0,"35":0,"36":0,"37":0,"38":0,"39":0,"40":0,"41":0,"42":0,"43":0,"44":0,"45":0,"46":0,"47":0,"48":0,"49":0,"50":0,"51":0,"52":0,"53":0,"54":0,"55":0,"56":0,"57":0,"58":0,"59":0,"60":0,"61":0,"62":0,"63":0,"64":0,"65":0,"66":0,"67":0,"68":0,"69":0,"70":0,"71":0,"72":0,"73":0,"74":0,"75":0,"76":0,"77":1,"78":1,"79":4,"80":4,"81":4,"82":4,"83":4,"84":4,"85":4,"86":4,"87":4,"88":4,"89":4,"90":4,"91":4,"92":4,"93":4,"94":4,"95":4,"96":4,"97":4,"98":0,"99":0,"100":0,"101":0,"102":0,"103":4,"104":4,"105":4,"106":4,"107":4,"108":4,"109":3,"110":1,"111":1,"112":1,"113":0,"114":0,"115":0,"116":0,"117":4,"118":4,"119":1,"120":0,"121":3,"122":3,"123":0,"124":0,"125":3,"126":3,"127":3,"128":3,"129":3,"130":3,"131":3,"132":0,"133":3,"134":3,"135":3,"136":3,"137":3,"138":3,"139":3,"140":3,"141":3,"142":3,"143":0,"144":3,"145":0,"146":3,"147":3,"148":0,"149":0,"150":0,"151":0,"152":0,"153":0,"154":3,"155":0,"156":0,"157":0,"158":0,"159":0,"160":0,"161":3,"162":0,"163":0,"164":3,"165":0,"166":0,"167":3,"168":0,"169":0,"170":0,"171":0,"172":0,"173":0,"174":0,"175":0,"176":0,"177":0,"178":0,"179":0,"180":3,"181":0,"182":0,"183":3,"184":0,"185":0,"186":0,"187":0,"188":0,"189":0,"190":0,"191":0,"192":0,"193":0,"194":3,"195":0,"196":0,"197":0,"198":0,"199":0,"200":0,"201":0,"202":0,"203":0,"204":0,"205":0,"206":0,"207":0,"208":3,"209":0,"210":0,"211":0,"212":0,"213":0,"214":0,"215":3,"216":0,"217":0,"218":3,"219":1},"f":{"0":0,"1":0,"2":0,"3":0,"4":0,"5":0,"6":0,"7":0,"8":0,"9":0,"10":0,"11":0,"12":0,"13":0,"14":0,"15":0,"16":0,"17":4,"18":4,"19":4,"20":4,"21":0,"22":0,"23":3,"24":0,"25":0,"26":0,"27":0,"28":0,"29":0,"30":0,"31":0,"32":0,"33":0,"34":0,"35":0,"36":0,"37":0,"38":0,"39":0,"40":0},"b":{"0":[0,0],"1":[0,0],"2":[0,0],"3":[0,0],"4":[0,0],"5":[0,0],"6":[0,0],"7":[0,0],"8":[0,0],"9":[0,0],"10":[0,0],"11":[0,0],"12":[0,0],"13":[0,0],"14":[0,0],"15":[0,0],"16":[0,0],"17":[0,0],"18":[0,0],"19":[0,0],"20":[0,0],"21":[0,0],"22":[0,0],"23":[0,0],"24":[0,4],"25":[4,0],"26":[4,0,0,0],"27":[3,1],"28":[1,0],"29":[0,0],"30":[1,3],"31":[0,3],"32":[3,3],"33":[0,0],"34":[3,0],"35":[3,0],"36":[3,3],"37":[0,0],"38":[0,0],"39":[3,0],"40":[0,0],"41":[0,0],"42":[0,0],"43":[0,0],"44":[0,0],"45":[0,0],"46":[0,0],"47":[0,0],"48":[0,0],"49":[0,3],"50":[0,0],"51":[0,3],"52":[3,0],"53":[3,3,3,0],"54":[3,3,3,3],"55":[3,3],"56":[0,3],"57":[0,3],"58":[0,3],"59":[0,3],"60":[3,0],"61":[0,0],"62":[0,0],"63":[0,0],"64":[0,0],"65":[3,3,0,0],"66":[3,3],"67":[3,3],"68":[3,3],"69":[3,0,0],"70":[3,0],"71":[0,3],"72":[3,0,0],"73":[0,3],"74":[3,0]},"_coverageSchema":"1a1c01bbd47fc00a2c39e90264f33305004495a9","hash":"f3095b8e655313b720089b28fb521dbdb6ce68c0"}
,"/Users/selvakumarsellamuthu/Documents/codespace/workout-app/WorkoutPlanner/src/screens/AddExerciseToWorkoutScreen.tsx": {"path":"/Users/selvakumarsellamuthu/Documents/codespace/workout-app/WorkoutPlanner/src/screens/AddExerciseToWorkoutScreen.tsx","statementMap":{"0":{"start":{"line":23,"column":52},"end":{"line":27,"column":1}},"1":{"start":{"line":31,"column":68},"end":{"line":36,"column":1}},"2":{"start":{"line":42,"column":39},"end":{"line":48,"column":2}},"3":{"start":{"line":60,"column":72},"end":{"line":323,"column":1}},"4":{"start":{"line":61,"column":40},"end":{"line":61,"column":99}},"5":{"start":{"line":62,"column":21},"end":{"line":62,"column":76}},"6":{"start":{"line":63,"column":13},"end":{"line":63,"column":34}},"7":{"start":{"line":64,"column":30},"end":{"line":64,"column":32}},"8":{"start":{"line":66,"column":24},"end":{"line":68,"column":15}},"9":{"start":{"line":67,"column":58},"end":{"line":67,"column":85}},"10":{"start":{"line":69,"column":25},"end":{"line":71,"column":15}},"11":{"start":{"line":73,"column":30},"end":{"line":73,"column":59}},"12":{"start":{"line":74,"column":54},"end":{"line":76,"column":3}},"13":{"start":{"line":77,"column":26},"end":{"line":77,"column":75}},"14":{"start":{"line":78,"column":26},"end":{"line":78,"column":75}},"15":{"start":{"line":79,"column":34},"end":{"line":79,"column":87}},"16":{"start":{"line":80,"column":40},"end":{"line":80,"column":96}},"17":{"start":{"line":81,"column":30},"end":{"line":81,"column":66}},"18":{"start":{"line":84,"column":4},"end":{"line":86,"column":55}},"19":{"start":{"line":88,"column":21},"end":{"line":131,"column":3}},"20":{"start":{"line":89,"column":19},"end":{"line":95,"column":6}},"21":{"start":{"line":97,"column":4},"end":{"line":107,"column":5}},"22":{"start":{"line":98,"column":50},"end":{"line":98,"column":52}},"23":{"start":{"line":99,"column":6},"end":{"line":104,"column":7}},"24":{"start":{"line":100,"column":20},"end":{"line":100,"column":51}},"25":{"start":{"line":101,"column":8},"end":{"line":103,"column":9}},"26":{"start":{"line":102,"column":10},"end":{"line":102,"column":43}},"27":{"start":{"line":105,"column":6},"end":{"line":105,"column":29}},"28":{"start":{"line":106,"column":6},"end":{"line":106,"column":13}},"29":{"start":{"line":109,"column":4},"end":{"line":109,"column":18}},"30":{"start":{"line":110,"column":4},"end":{"line":125,"column":5}},"31":{"start":{"line":111,"column":6},"end":{"line":116,"column":9}},"32":{"start":{"line":118,"column":6},"end":{"line":124,"column":9}},"33":{"start":{"line":126,"column":4},"end":{"line":130,"column":5}},"34":{"start":{"line":127,"column":6},"end":{"line":127,"column":20}},"35":{"start":{"line":129,"column":6},"end":{"line":129,"column":47}},"36":{"start":{"line":133,"column":2},"end":{"line":322,"column":4}},"37":{"start":{"line":162,"column":18},"end":{"line":179,"column":30}},"38":{"start":{"line":168,"column":35},"end":{"line":168,"column":49}},"39":{"start":{"line":194,"column":35},"end":{"line":194,"column":64}},"40":{"start":{"line":202,"column":37},"end":{"line":202,"column":71}},"41":{"start":{"line":203,"column":18},"end":{"line":254,"column":20}},"42":{"start":{"line":211,"column":24},"end":{"line":211,"column":59}},"43":{"start":{"line":212,"column":24},"end":{"line":213,"column":77}},"44":{"start":{"line":213,"column":26},"end":{"line":213,"column":77}},"45":{"start":{"line":213,"column":47},"end":{"line":213,"column":74}},"46":{"start":{"line":218,"column":39},"end":{"line":218,"column":67}},"47":{"start":{"line":271,"column":14},"end":{"line":271,"column":25}},"48":{"start":{"line":272,"column":14},"end":{"line":272,"column":76}},"49":{"start":{"line":272,"column":31},"end":{"line":272,"column":76}},"50":{"start":{"line":272,"column":52},"end":{"line":272,"column":73}},"51":{"start":{"line":286,"column":14},"end":{"line":286,"column":25}},"52":{"start":{"line":287,"column":14},"end":{"line":287,"column":76}},"53":{"start":{"line":287,"column":31},"end":{"line":287,"column":76}},"54":{"start":{"line":287,"column":52},"end":{"line":287,"column":73}},"55":{"start":{"line":331,"column":15},"end":{"line":474,"column":2}}},"fnMap":{"0":{"name":"(anonymous_0)","decl":{"start":{"line":60,"column":72},"end":{"line":60,"column":73}},"loc":{"start":{"line":60,"column":78},"end":{"line":323,"column":1}},"line":60},"1":{"name":"(anonymous_1)","decl":{"start":{"line":67,"column":51},"end":{"line":67,"column":52}},"loc":{"start":{"line":67,"column":58},"end":{"line":67,"column":85}},"line":67},"2":{"name":"(anonymous_2)","decl":{"start":{"line":88,"column":21},"end":{"line":88,"column":22}},"loc":{"start":{"line":88,"column":27},"end":{"line":131,"column":3}},"line":88},"3":{"name":"(anonymous_3)","decl":{"start":{"line":161,"column":36},"end":{"line":161,"column":37}},"loc":{"start":{"line":162,"column":18},"end":{"line":179,"column":30}},"line":162},"4":{"name":"(anonymous_4)","decl":{"start":{"line":168,"column":29},"end":{"line":168,"column":30}},"loc":{"start":{"line":168,"column":35},"end":{"line":168,"column":49}},"line":168},"5":{"name":"(anonymous_5)","decl":{"start":{"line":194,"column":29},"end":{"line":194,"column":30}},"loc":{"start":{"line":194,"column":35},"end":{"line":194,"column":64}},"line":194},"6":{"name":"(anonymous_6)","decl":{"start":{"line":201,"column":38},"end":{"line":201,"column":39}},"loc":{"start":{"line":201,"column":52},"end":{"line":255,"column":17}},"line":201},"7":{"name":"(anonymous_7)","decl":{"start":{"line":210,"column":31},"end":{"line":210,"column":32}},"loc":{"start":{"line":210,"column":37},"end":{"line":214,"column":23}},"line":210},"8":{"name":"(anonymous_8)","decl":{"start":{"line":213,"column":36},"end":{"line":213,"column":37}},"loc":{"start":{"line":213,"column":47},"end":{"line":213,"column":74}},"line":213},"9":{"name":"(anonymous_9)","decl":{"start":{"line":218,"column":33},"end":{"line":218,"column":34}},"loc":{"start":{"line":218,"column":39},"end":{"line":218,"column":67}},"line":218},"10":{"name":"(anonymous_10)","decl":{"start":{"line":270,"column":22},"end":{"line":270,"column":23}},"loc":{"start":{"line":270,"column":29},"end":{"line":273,"column":13}},"line":270},"11":{"name":"(anonymous_11)","decl":{"start":{"line":272,"column":41},"end":{"line":272,"column":42}},"loc":{"start":{"line":272,"column":52},"end":{"line":272,"column":73}},"line":272},"12":{"name":"(anonymous_12)","decl":{"start":{"line":285,"column":22},"end":{"line":285,"column":23}},"loc":{"start":{"line":285,"column":29},"end":{"line":288,"column":13}},"line":285},"13":{"name":"(anonymous_13)","decl":{"start":{"line":287,"column":41},"end":{"line":287,"column":42}},"loc":{"start":{"line":287,"column":52},"end":{"line":287,"column":73}},"line":287}},"branchMap":{"0":{"loc":{"start":{"line":62,"column":21},"end":{"line":62,"column":76}},"type":"binary-expr","locations":[{"start":{"line":62,"column":21},"end":{"line":62,"column":51}},{"start":{"line":62,"column":55},"end":{"line":62,"column":76}}],"line":62},"1":{"loc":{"start":{"line":66,"column":24},"end":{"line":68,"column":15}},"type":"cond-expr","locations":[{"start":{"line":67,"column":6},"end":{"line":67,"column":86}},{"start":{"line":68,"column":6},"end":{"line":68,"column":15}}],"line":66},"2":{"loc":{"start":{"line":69,"column":25},"end":{"line":71,"column":15}},"type":"cond-expr","locations":[{"start":{"line":70,"column":6},"end":{"line":70,"column":36}},{"start":{"line":71,"column":6},"end":{"line":71,"column":15}}],"line":69},"3":{"loc":{"start":{"line":69,"column":25},"end":{"line":69,"column":63}},"type":"binary-expr","locations":[{"start":{"line":69,"column":25},"end":{"line":69,"column":35}},{"start":{"line":69,"column":39},"end":{"line":69,"column":63}}],"line":69},"4":{"loc":{"start":{"line":75,"column":4},"end":{"line":75,"column":39}},"type":"cond-expr","locations":[{"start":{"line":75,"column":17},"end":{"line":75,"column":27}},{"start":{"line":75,"column":30},"end":{"line":75,"column":39}}],"line":75},"5":{"loc":{"start":{"line":84,"column":4},"end":{"line":86,"column":55}},"type":"cond-expr","locations":[{"start":{"line":85,"column":8},"end":{"line":85,"column":20}},{"start":{"line":86,"column":8},"end":{"line":86,"column":55}}],"line":84},"6":{"loc":{"start":{"line":90,"column":18},"end":{"line":90,"column":42}},"type":"binary-expr","locations":[{"start":{"line":90,"column":18},"end":{"line":90,"column":36}},{"start":{"line":90,"column":40},"end":{"line":90,"column":42}}],"line":90},"7":{"loc":{"start":{"line":97,"column":4},"end":{"line":107,"column":5}},"type":"if","locations":[{"start":{"line":97,"column":4},"end":{"line":107,"column":5}},{"start":{},"end":{}}],"line":97},"8":{"loc":{"start":{"line":100,"column":27},"end":{"line":100,"column":50}},"type":"binary-expr","locations":[{"start":{"line":100,"column":27},"end":{"line":100,"column":40}},{"start":{"line":100,"column":44},"end":{"line":100,"column":50}}],"line":100},"9":{"loc":{"start":{"line":101,"column":8},"end":{"line":103,"column":9}},"type":"if","locations":[{"start":{"line":101,"column":8},"end":{"line":103,"column":9}},{"start":{},"end":{}}],"line":101},"10":{"loc":{"start":{"line":110,"column":4},"end":{"line":125,"column":5}},"type":"if","locations":[{"start":{"line":110,"column":4},"end":{"line":125,"column":5}},{"start":{"line":117,"column":11},"end":{"line":125,"column":5}}],"line":110},"11":{"loc":{"start":{"line":110,"column":8},"end":{"line":110,"column":46}},"type":"binary-expr","locations":[{"start":{"line":110,"column":8},"end":{"line":110,"column":18}},{"start":{"line":110,"column":22},"end":{"line":110,"column":46}}],"line":110},"12":{"loc":{"start":{"line":126,"column":4},"end":{"line":130,"column":5}},"type":"if","locations":[{"start":{"line":126,"column":4},"end":{"line":130,"column":5}},{"start":{"line":128,"column":11},"end":{"line":130,"column":5}}],"line":126},"13":{"loc":{"start":{"line":140,"column":9},"end":{"line":262,"column":9}},"type":"cond-expr","locations":[{"start":{"line":141,"column":10},"end":{"line":154,"column":17}},{"start":{"line":156,"column":10},"end":{"line":261,"column":13}}],"line":140},"14":{"loc":{"start":{"line":146,"column":19},"end":{"line":146,"column":61}},"type":"binary-expr","locations":[{"start":{"line":146,"column":19},"end":{"line":146,"column":39}},{"start":{"line":146,"column":43},"end":{"line":146,"column":61}}],"line":146},"15":{"loc":{"start":{"line":149,"column":19},"end":{"line":149,"column":95}},"type":"cond-expr","locations":[{"start":{"line":149,"column":50},"end":{"line":149,"column":90}},{"start":{"line":149,"column":93},"end":{"line":149,"column":95}}],"line":149},"16":{"loc":{"start":{"line":166,"column":22},"end":{"line":166,"column":65}},"type":"binary-expr","locations":[{"start":{"line":166,"column":22},"end":{"line":166,"column":36}},{"start":{"line":166,"column":40},"end":{"line":166,"column":65}}],"line":166},"17":{"loc":{"start":{"line":174,"column":24},"end":{"line":174,"column":71}},"type":"binary-expr","locations":[{"start":{"line":174,"column":24},"end":{"line":174,"column":38}},{"start":{"line":174,"column":42},"end":{"line":174,"column":71}}],"line":174},"18":{"loc":{"start":{"line":187,"column":15},"end":{"line":256,"column":15}},"type":"cond-expr","locations":[{"start":{"line":188,"column":16},"end":{"line":199,"column":23}},{"start":{"line":201,"column":16},"end":{"line":255,"column":18}}],"line":187},"19":{"loc":{"start":{"line":208,"column":24},"end":{"line":208,"column":65}},"type":"binary-expr","locations":[{"start":{"line":208,"column":24},"end":{"line":208,"column":34}},{"start":{"line":208,"column":38},"end":{"line":208,"column":65}}],"line":208},"20":{"loc":{"start":{"line":212,"column":24},"end":{"line":213,"column":77}},"type":"if","locations":[{"start":{"line":212,"column":24},"end":{"line":213,"column":77}},{"start":{},"end":{}}],"line":212},"21":{"loc":{"start":{"line":220,"column":44},"end":{"line":220,"column":147}},"type":"cond-expr","locations":[{"start":{"line":220,"column":67},"end":{"line":220,"column":108}},{"start":{"line":220,"column":111},"end":{"line":220,"column":147}}],"line":220},"22":{"loc":{"start":{"line":223,"column":55},"end":{"line":223,"column":111}},"type":"cond-expr","locations":[{"start":{"line":223,"column":78},"end":{"line":223,"column":99}},{"start":{"line":223,"column":102},"end":{"line":223,"column":111}}],"line":223},"23":{"loc":{"start":{"line":224,"column":27},"end":{"line":224,"column":59}},"type":"cond-expr","locations":[{"start":{"line":224,"column":50},"end":{"line":224,"column":53}},{"start":{"line":224,"column":56},"end":{"line":224,"column":59}}],"line":224},"24":{"loc":{"start":{"line":236,"column":28},"end":{"line":236,"column":69}},"type":"binary-expr","locations":[{"start":{"line":236,"column":28},"end":{"line":236,"column":38}},{"start":{"line":236,"column":42},"end":{"line":236,"column":69}}],"line":236},"25":{"loc":{"start":{"line":244,"column":28},"end":{"line":244,"column":70}},"type":"binary-expr","locations":[{"start":{"line":244,"column":28},"end":{"line":244,"column":38}},{"start":{"line":244,"column":42},"end":{"line":244,"column":70}}],"line":244},"26":{"loc":{"start":{"line":250,"column":23},"end":{"line":252,"column":30}},"type":"cond-expr","locations":[{"start":{"line":251,"column":24},"end":{"line":251,"column":63}},{"start":{"line":252,"column":26},"end":{"line":252,"column":30}}],"line":250},"27":{"loc":{"start":{"line":257,"column":15},"end":{"line":259,"column":22}},"type":"cond-expr","locations":[{"start":{"line":258,"column":16},"end":{"line":258,"column":73}},{"start":{"line":259,"column":18},"end":{"line":259,"column":22}}],"line":257},"28":{"loc":{"start":{"line":272,"column":14},"end":{"line":272,"column":76}},"type":"if","locations":[{"start":{"line":272,"column":14},"end":{"line":272,"column":76}},{"start":{},"end":{}}],"line":272},"29":{"loc":{"start":{"line":278,"column":11},"end":{"line":280,"column":18}},"type":"cond-expr","locations":[{"start":{"line":279,"column":12},"end":{"line":279,"column":63}},{"start":{"line":280,"column":14},"end":{"line":280,"column":18}}],"line":278},"30":{"loc":{"start":{"line":287,"column":14},"end":{"line":287,"column":76}},"type":"if","locations":[{"start":{"line":287,"column":14},"end":{"line":287,"column":76}},{"start":{},"end":{}}],"line":287},"31":{"loc":{"start":{"line":293,"column":11},"end":{"line":295,"column":18}},"type":"cond-expr","locations":[{"start":{"line":294,"column":12},"end":{"line":294,"column":63}},{"start":{"line":295,"column":14},"end":{"line":295,"column":18}}],"line":293},"32":{"loc":{"start":{"line":314,"column":30},"end":{"line":314,"column":94}},"type":"cond-expr","locations":[{"start":{"line":314,"column":43},"end":{"line":314,"column":66}},{"start":{"line":314,"column":69},"end":{"line":314,"column":94}}],"line":314},"33":{"loc":{"start":{"line":317,"column":13},"end":{"line":317,"column":59}},"type":"cond-expr","locations":[{"start":{"line":317,"column":26},"end":{"line":317,"column":40}},{"start":{"line":317,"column":43},"end":{"line":317,"column":59}}],"line":317}},"s":{"0":1,"1":1,"2":1,"3":1,"4":5,"5":5,"6":5,"7":5,"8":5,"9":0,"10":5,"11":5,"12":5,"13":5,"14":5,"15":5,"16":5,"17":5,"18":5,"19":5,"20":0,"21":0,"22":0,"23":0,"24":0,"25":0,"26":0,"27":0,"28":0,"29":0,"30":0,"31":0,"32":0,"33":0,"34":0,"35":0,"36":5,"37":20,"38":0,"39":0,"40":15,"41":15,"42":0,"43":0,"44":0,"45":0,"46":0,"47":0,"48":0,"49":0,"50":0,"51":0,"52":0,"53":0,"54":0,"55":1},"f":{"0":5,"1":0,"2":0,"3":20,"4":0,"5":0,"6":15,"7":0,"8":0,"9":0,"10":0,"11":0,"12":0,"13":0},"b":{"0":[5,0],"1":[0,5],"2":[0,5],"3":[5,0],"4":[0,5],"5":[5,0],"6":[0,0],"7":[0,0],"8":[0,0],"9":[0,0],"10":[0,0],"11":[0,0],"12":[0,0],"13":[0,5],"14":[0,0],"15":[0,0],"16":[20,5],"17":[20,5],"18":[0,5],"19":[15,0],"20":[0,0],"21":[0,15],"22":[0,15],"23":[0,15],"24":[15,0],"25":[15,0],"26":[0,15],"27":[0,5],"28":[0,0],"29":[0,5],"30":[0,0],"31":[0,5],"32":[0,5],"33":[0,5]},"_coverageSchema":"1a1c01bbd47fc00a2c39e90264f33305004495a9","hash":"70f92d5c7449f5fe63c2d6eb91a5adf1155bbea1"}
}
