{"/Users/selvakumarsellamuthu/Documents/codespace/workout-app/WorkoutPlanner/src/screens/ActiveSessionScreen.tsx": {"path":"/Users/selvakumarsellamuthu/Documents/codespace/workout-app/WorkoutPlanner/src/screens/ActiveSessionScreen.tsx","statementMap":{"0":{"start":{"line":41,"column":4},"end":{"line":49,"column":1}},"1":{"start":{"line":61,"column":38},"end":{"line":93,"column":1}},"2":{"start":{"line":62,"column":20},"end":{"line":62,"column":40}},"3":{"start":{"line":64,"column":2},"end":{"line":67,"column":9}},"4":{"start":{"line":65,"column":4},"end":{"line":65,"column":22}},"5":{"start":{"line":69,"column":2},"end":{"line":73,"column":33}},"6":{"start":{"line":70,"column":4},"end":{"line":72,"column":5}},"7":{"start":{"line":71,"column":6},"end":{"line":71,"column":15}},"8":{"start":{"line":75,"column":21},"end":{"line":78,"column":3}},"9":{"start":{"line":76,"column":4},"end":{"line":76,"column":22}},"10":{"start":{"line":77,"column":4},"end":{"line":77,"column":13}},"11":{"start":{"line":80,"column":2},"end":{"line":92,"column":4}},"12":{"start":{"line":95,"column":19},"end":{"line":132,"column":2}},"13":{"start":{"line":143,"column":50},"end":{"line":160,"column":1}},"14":{"start":{"line":144,"column":2},"end":{"line":159,"column":9}},"15":{"start":{"line":162,"column":23},"end":{"line":199,"column":2}},"16":{"start":{"line":211,"column":44},"end":{"line":228,"column":1}},"17":{"start":{"line":212,"column":2},"end":{"line":227,"column":9}},"18":{"start":{"line":230,"column":23},"end":{"line":267,"column":2}},"19":{"start":{"line":286,"column":50},"end":{"line":544,"column":1}},"20":{"start":{"line":298,"column":19},"end":{"line":298,"column":43}},"21":{"start":{"line":300,"column":58},"end":{"line":300,"column":87}},"22":{"start":{"line":301,"column":22},"end":{"line":301,"column":73}},"23":{"start":{"line":302,"column":27},"end":{"line":302,"column":48}},"24":{"start":{"line":303,"column":2},"end":{"line":303,"column":43}},"25":{"start":{"line":307,"column":43},"end":{"line":311,"column":3}},"26":{"start":{"line":313,"column":28},"end":{"line":332,"column":3}},"27":{"start":{"line":319,"column":21},"end":{"line":319,"column":52}},"28":{"start":{"line":321,"column":25},"end":{"line":321,"column":54}},"29":{"start":{"line":322,"column":26},"end":{"line":322,"column":81}},"30":{"start":{"line":323,"column":4},"end":{"line":331,"column":7}},"31":{"start":{"line":334,"column":32},"end":{"line":336,"column":3}},"32":{"start":{"line":338,"column":22},"end":{"line":346,"column":3}},"33":{"start":{"line":348,"column":2},"end":{"line":352,"column":5}},"34":{"start":{"line":354,"column":2},"end":{"line":359,"column":26}},"35":{"start":{"line":355,"column":4},"end":{"line":357,"column":5}},"36":{"start":{"line":356,"column":6},"end":{"line":356,"column":33}},"37":{"start":{"line":361,"column":2},"end":{"line":380,"column":29}},"38":{"start":{"line":362,"column":4},"end":{"line":362,"column":46}},"39":{"start":{"line":362,"column":39},"end":{"line":362,"column":46}},"40":{"start":{"line":363,"column":4},"end":{"line":370,"column":5}},"41":{"start":{"line":364,"column":6},"end":{"line":367,"column":7}},"42":{"start":{"line":365,"column":8},"end":{"line":365,"column":43}},"43":{"start":{"line":366,"column":8},"end":{"line":366,"column":35}},"44":{"start":{"line":368,"column":6},"end":{"line":368,"column":33}},"45":{"start":{"line":369,"column":6},"end":{"line":369,"column":13}},"46":{"start":{"line":371,"column":15},"end":{"line":373,"column":12}},"47":{"start":{"line":372,"column":6},"end":{"line":372,"column":75}},"48":{"start":{"line":372,"column":41},"end":{"line":372,"column":72}},"49":{"start":{"line":374,"column":4},"end":{"line":374,"column":29}},"50":{"start":{"line":375,"column":4},"end":{"line":378,"column":6}},"51":{"start":{"line":376,"column":6},"end":{"line":376,"column":24}},"52":{"start":{"line":377,"column":6},"end":{"line":377,"column":33}},"53":{"start":{"line":382,"column":2},"end":{"line":399,"column":3}},"54":{"start":{"line":383,"column":4},"end":{"line":398,"column":6}},"55":{"start":{"line":387,"column":10},"end":{"line":390,"column":12}},"56":{"start":{"line":401,"column":20},"end":{"line":401,"column":69}},"57":{"start":{"line":402,"column":23},"end":{"line":404,"column":16}},"58":{"start":{"line":405,"column":28},"end":{"line":405,"column":49}},"59":{"start":{"line":407,"column":2},"end":{"line":421,"column":3}},"60":{"start":{"line":408,"column":24},"end":{"line":411,"column":5}},"61":{"start":{"line":409,"column":6},"end":{"line":409,"column":27}},"62":{"start":{"line":410,"column":6},"end":{"line":410,"column":26}},"63":{"start":{"line":412,"column":4},"end":{"line":420,"column":6}},"64":{"start":{"line":423,"column":2},"end":{"line":443,"column":3}},"65":{"start":{"line":424,"column":4},"end":{"line":442,"column":6}},"66":{"start":{"line":445,"column":2},"end":{"line":463,"column":3}},"67":{"start":{"line":446,"column":4},"end":{"line":462,"column":6}},"68":{"start":{"line":465,"column":2},"end":{"line":484,"column":3}},"69":{"start":{"line":466,"column":4},"end":{"line":483,"column":6}},"70":{"start":{"line":486,"column":2},"end":{"line":505,"column":3}},"71":{"start":{"line":487,"column":4},"end":{"line":504,"column":6}},"72":{"start":{"line":507,"column":2},"end":{"line":541,"column":3}},"73":{"start":{"line":508,"column":30},"end":{"line":514,"column":5}},"74":{"start":{"line":509,"column":6},"end":{"line":512,"column":7}},"75":{"start":{"line":510,"column":8},"end":{"line":510,"column":43}},"76":{"start":{"line":511,"column":8},"end":{"line":511,"column":35}},"77":{"start":{"line":513,"column":6},"end":{"line":513,"column":22}},"78":{"start":{"line":515,"column":4},"end":{"line":540,"column":6}},"79":{"start":{"line":543,"column":2},"end":{"line":543,"column":14}},"80":{"start":{"line":546,"column":19},"end":{"line":613,"column":2}},"81":{"start":{"line":619,"column":58},"end":{"line":1082,"column":1}},"82":{"start":{"line":620,"column":2},"end":{"line":620,"column":17}},"83":{"start":{"line":621,"column":20},"end":{"line":621,"column":41}},"84":{"start":{"line":622,"column":20},"end":{"line":622,"column":41}},"85":{"start":{"line":623,"column":17},"end":{"line":623,"column":34}},"86":{"start":{"line":624,"column":22},"end":{"line":624,"column":47}},"87":{"start":{"line":627,"column":58},"end":{"line":627,"column":77}},"88":{"start":{"line":628,"column":50},"end":{"line":628,"column":69}},"89":{"start":{"line":629,"column":36},"end":{"line":629,"column":60}},"90":{"start":{"line":630,"column":38},"end":{"line":630,"column":62}},"91":{"start":{"line":631,"column":40},"end":{"line":631,"column":64}},"92":{"start":{"line":632,"column":56},"end":{"line":632,"column":80}},"93":{"start":{"line":634,"column":27},"end":{"line":634,"column":41}},"94":{"start":{"line":635,"column":23},"end":{"line":635,"column":37}},"95":{"start":{"line":636,"column":22},"end":{"line":636,"column":51}},"96":{"start":{"line":637,"column":44},"end":{"line":637,"column":68}},"97":{"start":{"line":638,"column":26},"end":{"line":638,"column":44}},"98":{"start":{"line":640,"column":2},"end":{"line":643,"column":9}},"99":{"start":{"line":641,"column":4},"end":{"line":641,"column":29}},"100":{"start":{"line":645,"column":2},"end":{"line":653,"column":42}},"101":{"start":{"line":646,"column":4},"end":{"line":652,"column":5}},"102":{"start":{"line":647,"column":6},"end":{"line":647,"column":30}},"103":{"start":{"line":648,"column":6},"end":{"line":648,"column":28}},"104":{"start":{"line":649,"column":6},"end":{"line":649,"column":26}},"105":{"start":{"line":650,"column":6},"end":{"line":650,"column":28}},"106":{"start":{"line":651,"column":6},"end":{"line":651,"column":27}},"107":{"start":{"line":656,"column":23},"end":{"line":656,"column":81}},"108":{"start":{"line":657,"column":2},"end":{"line":657,"column":106}},"109":{"start":{"line":659,"column":28},"end":{"line":663,"column":9}},"110":{"start":{"line":665,"column":26},"end":{"line":665,"column":39}},"111":{"start":{"line":667,"column":2},"end":{"line":677,"column":32}},"112":{"start":{"line":668,"column":4},"end":{"line":668,"column":49}},"113":{"start":{"line":668,"column":42},"end":{"line":668,"column":49}},"114":{"start":{"line":669,"column":16},"end":{"line":669,"column":41}},"115":{"start":{"line":670,"column":4},"end":{"line":670,"column":29}},"116":{"start":{"line":670,"column":22},"end":{"line":670,"column":29}},"117":{"start":{"line":671,"column":4},"end":{"line":671,"column":37}},"118":{"start":{"line":672,"column":4},"end":{"line":676,"column":5}},"119":{"start":{"line":673,"column":6},"end":{"line":673,"column":54}},"120":{"start":{"line":675,"column":6},"end":{"line":675,"column":26}},"121":{"start":{"line":679,"column":24},"end":{"line":679,"column":47}},"122":{"start":{"line":681,"column":2},"end":{"line":696,"column":3}},"123":{"start":{"line":682,"column":4},"end":{"line":695,"column":6}},"124":{"start":{"line":688,"column":27},"end":{"line":688,"column":46}},"125":{"start":{"line":698,"column":18},"end":{"line":698,"column":67}},"126":{"start":{"line":700,"column":2},"end":{"line":719,"column":3}},"127":{"start":{"line":701,"column":4},"end":{"line":718,"column":6}},"128":{"start":{"line":711,"column":27},"end":{"line":711,"column":46}},"129":{"start":{"line":721,"column":26},"end":{"line":721,"column":82}},"130":{"start":{"line":721,"column":64},"end":{"line":721,"column":81}},"131":{"start":{"line":722,"column":25},"end":{"line":722,"column":47}},"132":{"start":{"line":724,"column":19},"end":{"line":724,"column":37}},"133":{"start":{"line":725,"column":26},"end":{"line":725,"column":51}},"134":{"start":{"line":729,"column":31},"end":{"line":729,"column":68}},"135":{"start":{"line":730,"column":25},"end":{"line":730,"column":59}},"136":{"start":{"line":732,"column":31},"end":{"line":734,"column":3}},"137":{"start":{"line":733,"column":4},"end":{"line":733,"column":33}},"138":{"start":{"line":737,"column":33},"end":{"line":737,"column":70}},"139":{"start":{"line":738,"column":19},"end":{"line":738,"column":79}},"140":{"start":{"line":739,"column":23},"end":{"line":739,"column":59}},"141":{"start":{"line":740,"column":37},"end":{"line":740,"column":69}},"142":{"start":{"line":741,"column":22},"end":{"line":741,"column":53}},"143":{"start":{"line":742,"column":20},"end":{"line":742,"column":47}},"144":{"start":{"line":743,"column":22},"end":{"line":743,"column":61}},"145":{"start":{"line":744,"column":25},"end":{"line":744,"column":68}},"146":{"start":{"line":745,"column":22},"end":{"line":745,"column":50}},"147":{"start":{"line":747,"column":26},"end":{"line":748,"column":61}},"148":{"start":{"line":748,"column":4},"end":{"line":748,"column":61}},"149":{"start":{"line":750,"column":30},"end":{"line":751,"column":58}},"150":{"start":{"line":751,"column":4},"end":{"line":751,"column":58}},"151":{"start":{"line":753,"column":23},"end":{"line":753,"column":45}},"152":{"start":{"line":759,"column":25},"end":{"line":765,"column":3}},"153":{"start":{"line":760,"column":4},"end":{"line":760,"column":25}},"154":{"start":{"line":761,"column":4},"end":{"line":761,"column":55}},"155":{"start":{"line":762,"column":4},"end":{"line":762,"column":39}},"156":{"start":{"line":763,"column":4},"end":{"line":763,"column":27}},"157":{"start":{"line":764,"column":4},"end":{"line":764,"column":45}},"158":{"start":{"line":764,"column":21},"end":{"line":764,"column":40}},"159":{"start":{"line":767,"column":32},"end":{"line":774,"column":3}},"160":{"start":{"line":768,"column":4},"end":{"line":768,"column":24}},"161":{"start":{"line":769,"column":4},"end":{"line":769,"column":28}},"162":{"start":{"line":770,"column":4},"end":{"line":770,"column":26}},"163":{"start":{"line":771,"column":4},"end":{"line":771,"column":24}},"164":{"start":{"line":772,"column":4},"end":{"line":772,"column":26}},"165":{"start":{"line":773,"column":4},"end":{"line":773,"column":25}},"166":{"start":{"line":776,"column":25},"end":{"line":779,"column":3}},"167":{"start":{"line":777,"column":4},"end":{"line":777,"column":25}},"168":{"start":{"line":778,"column":4},"end":{"line":778,"column":25}},"169":{"start":{"line":781,"column":26},"end":{"line":784,"column":3}},"170":{"start":{"line":782,"column":4},"end":{"line":782,"column":25}},"171":{"start":{"line":783,"column":4},"end":{"line":783,"column":26}},"172":{"start":{"line":786,"column":30},"end":{"line":811,"column":3}},"173":{"start":{"line":787,"column":4},"end":{"line":787,"column":25}},"174":{"start":{"line":788,"column":25},"end":{"line":788,"column":64}},"175":{"start":{"line":789,"column":21},"end":{"line":789,"column":46}},"176":{"start":{"line":790,"column":26},"end":{"line":792,"column":9}},"177":{"start":{"line":793,"column":4},"end":{"line":801,"column":7}},"178":{"start":{"line":802,"column":4},"end":{"line":802,"column":25}},"179":{"start":{"line":803,"column":4},"end":{"line":803,"column":26}},"180":{"start":{"line":804,"column":4},"end":{"line":804,"column":44}},"181":{"start":{"line":804,"column":34},"end":{"line":804,"column":42}},"182":{"start":{"line":806,"column":4},"end":{"line":810,"column":5}},"183":{"start":{"line":807,"column":6},"end":{"line":807,"column":25}},"184":{"start":{"line":809,"column":6},"end":{"line":809,"column":27}},"185":{"start":{"line":813,"column":25},"end":{"line":816,"column":3}},"186":{"start":{"line":814,"column":4},"end":{"line":814,"column":24}},"187":{"start":{"line":815,"column":4},"end":{"line":815,"column":25}},"188":{"start":{"line":818,"column":29},"end":{"line":827,"column":3}},"189":{"start":{"line":819,"column":4},"end":{"line":819,"column":43}},"190":{"start":{"line":819,"column":36},"end":{"line":819,"column":43}},"191":{"start":{"line":820,"column":4},"end":{"line":820,"column":48}},"192":{"start":{"line":820,"column":38},"end":{"line":820,"column":46}},"193":{"start":{"line":821,"column":4},"end":{"line":821,"column":27}},"194":{"start":{"line":822,"column":4},"end":{"line":822,"column":25}},"195":{"start":{"line":823,"column":4},"end":{"line":823,"column":26}},"196":{"start":{"line":824,"column":4},"end":{"line":824,"column":24}},"197":{"start":{"line":825,"column":4},"end":{"line":825,"column":34}},"198":{"start":{"line":826,"column":4},"end":{"line":826,"column":25}},"199":{"start":{"line":829,"column":29},"end":{"line":842,"column":3}},"200":{"start":{"line":830,"column":4},"end":{"line":833,"column":5}},"201":{"start":{"line":831,"column":6},"end":{"line":831,"column":35}},"202":{"start":{"line":832,"column":6},"end":{"line":832,"column":13}},"203":{"start":{"line":834,"column":4},"end":{"line":834,"column":34}},"204":{"start":{"line":835,"column":4},"end":{"line":835,"column":31}},"205":{"start":{"line":835,"column":24},"end":{"line":835,"column":31}},"206":{"start":{"line":836,"column":4},"end":{"line":836,"column":48}},"207":{"start":{"line":836,"column":38},"end":{"line":836,"column":46}},"208":{"start":{"line":837,"column":4},"end":{"line":837,"column":27}},"209":{"start":{"line":838,"column":4},"end":{"line":838,"column":25}},"210":{"start":{"line":839,"column":4},"end":{"line":839,"column":26}},"211":{"start":{"line":840,"column":4},"end":{"line":840,"column":24}},"212":{"start":{"line":841,"column":4},"end":{"line":841,"column":25}},"213":{"start":{"line":844,"column":25},"end":{"line":850,"column":3}},"214":{"start":{"line":845,"column":4},"end":{"line":845,"column":40}},"215":{"start":{"line":845,"column":33},"end":{"line":845,"column":40}},"216":{"start":{"line":846,"column":4},"end":{"line":846,"column":35}},"217":{"start":{"line":847,"column":22},"end":{"line":847,"column":55}},"218":{"start":{"line":848,"column":4},"end":{"line":848,"column":67}},"219":{"start":{"line":849,"column":4},"end":{"line":849,"column":32}},"220":{"start":{"line":852,"column":24},"end":{"line":855,"column":3}},"221":{"start":{"line":853,"column":4},"end":{"line":853,"column":49}},"222":{"start":{"line":854,"column":4},"end":{"line":854,"column":31}},"223":{"start":{"line":861,"column":2},"end":{"line":1081,"column":4}},"224":{"start":{"line":1090,"column":15},"end":{"line":1310,"column":2}}},"fnMap":{"0":{"name":"(anonymous_0)","decl":{"start":{"line":61,"column":38},"end":{"line":61,"column":39}},"loc":{"start":{"line":61,"column":70},"end":{"line":93,"column":1}},"line":61},"1":{"name":"(anonymous_1)","decl":{"start":{"line":64,"column":12},"end":{"line":64,"column":13}},"loc":{"start":{"line":64,"column":18},"end":{"line":67,"column":3}},"line":64},"2":{"name":"(anonymous_2)","decl":{"start":{"line":69,"column":12},"end":{"line":69,"column":13}},"loc":{"start":{"line":69,"column":18},"end":{"line":73,"column":3}},"line":69},"3":{"name":"(anonymous_3)","decl":{"start":{"line":75,"column":21},"end":{"line":75,"column":22}},"loc":{"start":{"line":75,"column":27},"end":{"line":78,"column":3}},"line":75},"4":{"name":"(anonymous_4)","decl":{"start":{"line":143,"column":50},"end":{"line":143,"column":51}},"loc":{"start":{"line":144,"column":2},"end":{"line":159,"column":9}},"line":144},"5":{"name":"(anonymous_5)","decl":{"start":{"line":211,"column":44},"end":{"line":211,"column":45}},"loc":{"start":{"line":212,"column":2},"end":{"line":227,"column":9}},"line":212},"6":{"name":"(anonymous_6)","decl":{"start":{"line":286,"column":50},"end":{"line":286,"column":51}},"loc":{"start":{"line":297,"column":6},"end":{"line":544,"column":1}},"line":297},"7":{"name":"(anonymous_7)","decl":{"start":{"line":313,"column":28},"end":{"line":313,"column":29}},"loc":{"start":{"line":318,"column":7},"end":{"line":332,"column":3}},"line":318},"8":{"name":"(anonymous_8)","decl":{"start":{"line":334,"column":32},"end":{"line":334,"column":33}},"loc":{"start":{"line":334,"column":38},"end":{"line":336,"column":3}},"line":334},"9":{"name":"(anonymous_9)","decl":{"start":{"line":354,"column":12},"end":{"line":354,"column":13}},"loc":{"start":{"line":354,"column":18},"end":{"line":359,"column":3}},"line":354},"10":{"name":"(anonymous_10)","decl":{"start":{"line":361,"column":12},"end":{"line":361,"column":13}},"loc":{"start":{"line":361,"column":18},"end":{"line":380,"column":3}},"line":361},"11":{"name":"(anonymous_11)","decl":{"start":{"line":371,"column":27},"end":{"line":371,"column":28}},"loc":{"start":{"line":371,"column":33},"end":{"line":373,"column":5}},"line":371},"12":{"name":"(anonymous_12)","decl":{"start":{"line":372,"column":30},"end":{"line":372,"column":31}},"loc":{"start":{"line":372,"column":41},"end":{"line":372,"column":72}},"line":372},"13":{"name":"(anonymous_13)","decl":{"start":{"line":375,"column":11},"end":{"line":375,"column":12}},"loc":{"start":{"line":375,"column":17},"end":{"line":378,"column":5}},"line":375},"14":{"name":"(anonymous_14)","decl":{"start":{"line":386,"column":17},"end":{"line":386,"column":18}},"loc":{"start":{"line":387,"column":10},"end":{"line":390,"column":12}},"line":387},"15":{"name":"(anonymous_15)","decl":{"start":{"line":408,"column":24},"end":{"line":408,"column":25}},"loc":{"start":{"line":408,"column":30},"end":{"line":411,"column":5}},"line":408},"16":{"name":"(anonymous_16)","decl":{"start":{"line":508,"column":30},"end":{"line":508,"column":31}},"loc":{"start":{"line":508,"column":36},"end":{"line":514,"column":5}},"line":508},"17":{"name":"(anonymous_17)","decl":{"start":{"line":619,"column":58},"end":{"line":619,"column":59}},"loc":{"start":{"line":619,"column":64},"end":{"line":1082,"column":1}},"line":619},"18":{"name":"(anonymous_18)","decl":{"start":{"line":640,"column":12},"end":{"line":640,"column":13}},"loc":{"start":{"line":640,"column":18},"end":{"line":643,"column":3}},"line":640},"19":{"name":"(anonymous_19)","decl":{"start":{"line":645,"column":12},"end":{"line":645,"column":13}},"loc":{"start":{"line":645,"column":18},"end":{"line":653,"column":3}},"line":645},"20":{"name":"(anonymous_20)","decl":{"start":{"line":667,"column":12},"end":{"line":667,"column":13}},"loc":{"start":{"line":667,"column":18},"end":{"line":677,"column":3}},"line":667},"21":{"name":"(anonymous_21)","decl":{"start":{"line":688,"column":21},"end":{"line":688,"column":22}},"loc":{"start":{"line":688,"column":27},"end":{"line":688,"column":46}},"line":688},"22":{"name":"(anonymous_22)","decl":{"start":{"line":711,"column":21},"end":{"line":711,"column":22}},"loc":{"start":{"line":711,"column":27},"end":{"line":711,"column":46}},"line":711},"23":{"name":"(anonymous_23)","decl":{"start":{"line":721,"column":54},"end":{"line":721,"column":55}},"loc":{"start":{"line":721,"column":64},"end":{"line":721,"column":81}},"line":721},"24":{"name":"(anonymous_24)","decl":{"start":{"line":732,"column":31},"end":{"line":732,"column":32}},"loc":{"start":{"line":732,"column":51},"end":{"line":734,"column":3}},"line":732},"25":{"name":"(anonymous_25)","decl":{"start":{"line":747,"column":26},"end":{"line":747,"column":27}},"loc":{"start":{"line":748,"column":4},"end":{"line":748,"column":61}},"line":748},"26":{"name":"(anonymous_26)","decl":{"start":{"line":750,"column":30},"end":{"line":750,"column":31}},"loc":{"start":{"line":751,"column":4},"end":{"line":751,"column":58}},"line":751},"27":{"name":"(anonymous_27)","decl":{"start":{"line":759,"column":25},"end":{"line":759,"column":26}},"loc":{"start":{"line":759,"column":31},"end":{"line":765,"column":3}},"line":759},"28":{"name":"(anonymous_28)","decl":{"start":{"line":764,"column":15},"end":{"line":764,"column":16}},"loc":{"start":{"line":764,"column":21},"end":{"line":764,"column":40}},"line":764},"29":{"name":"(anonymous_29)","decl":{"start":{"line":767,"column":32},"end":{"line":767,"column":33}},"loc":{"start":{"line":767,"column":38},"end":{"line":774,"column":3}},"line":767},"30":{"name":"(anonymous_30)","decl":{"start":{"line":776,"column":25},"end":{"line":776,"column":26}},"loc":{"start":{"line":776,"column":31},"end":{"line":779,"column":3}},"line":776},"31":{"name":"(anonymous_31)","decl":{"start":{"line":781,"column":26},"end":{"line":781,"column":27}},"loc":{"start":{"line":781,"column":32},"end":{"line":784,"column":3}},"line":781},"32":{"name":"(anonymous_32)","decl":{"start":{"line":786,"column":30},"end":{"line":786,"column":31}},"loc":{"start":{"line":786,"column":36},"end":{"line":811,"column":3}},"line":786},"33":{"name":"(anonymous_33)","decl":{"start":{"line":804,"column":24},"end":{"line":804,"column":25}},"loc":{"start":{"line":804,"column":34},"end":{"line":804,"column":42}},"line":804},"34":{"name":"(anonymous_34)","decl":{"start":{"line":813,"column":25},"end":{"line":813,"column":26}},"loc":{"start":{"line":813,"column":31},"end":{"line":816,"column":3}},"line":813},"35":{"name":"(anonymous_35)","decl":{"start":{"line":818,"column":29},"end":{"line":818,"column":30}},"loc":{"start":{"line":818,"column":35},"end":{"line":827,"column":3}},"line":818},"36":{"name":"(anonymous_36)","decl":{"start":{"line":820,"column":28},"end":{"line":820,"column":29}},"loc":{"start":{"line":820,"column":38},"end":{"line":820,"column":46}},"line":820},"37":{"name":"(anonymous_37)","decl":{"start":{"line":829,"column":29},"end":{"line":829,"column":30}},"loc":{"start":{"line":829,"column":35},"end":{"line":842,"column":3}},"line":829},"38":{"name":"(anonymous_38)","decl":{"start":{"line":836,"column":28},"end":{"line":836,"column":29}},"loc":{"start":{"line":836,"column":38},"end":{"line":836,"column":46}},"line":836},"39":{"name":"(anonymous_39)","decl":{"start":{"line":844,"column":25},"end":{"line":844,"column":26}},"loc":{"start":{"line":844,"column":31},"end":{"line":850,"column":3}},"line":844},"40":{"name":"(anonymous_40)","decl":{"start":{"line":852,"column":24},"end":{"line":852,"column":25}},"loc":{"start":{"line":852,"column":30},"end":{"line":855,"column":3}},"line":852}},"branchMap":{"0":{"loc":{"start":{"line":70,"column":4},"end":{"line":72,"column":5}},"type":"if","locations":[{"start":{"line":70,"column":4},"end":{"line":72,"column":5}},{"start":{},"end":{}}],"line":70},"1":{"loc":{"start":{"line":307,"column":43},"end":{"line":311,"column":3}},"type":"binary-expr","locations":[{"start":{"line":307,"column":43},"end":{"line":307,"column":58}},{"start":{"line":307,"column":62},"end":{"line":311,"column":3}}],"line":307},"2":{"loc":{"start":{"line":355,"column":4},"end":{"line":357,"column":5}},"type":"if","locations":[{"start":{"line":355,"column":4},"end":{"line":357,"column":5}},{"start":{},"end":{}}],"line":355},"3":{"loc":{"start":{"line":355,"column":8},"end":{"line":355,"column":69}},"type":"binary-expr","locations":[{"start":{"line":355,"column":8},"end":{"line":355,"column":36}},{"start":{"line":355,"column":40},"end":{"line":355,"column":69}}],"line":355},"4":{"loc":{"start":{"line":362,"column":4},"end":{"line":362,"column":46}},"type":"if","locations":[{"start":{"line":362,"column":4},"end":{"line":362,"column":46}},{"start":{},"end":{}}],"line":362},"5":{"loc":{"start":{"line":363,"column":4},"end":{"line":370,"column":5}},"type":"if","locations":[{"start":{"line":363,"column":4},"end":{"line":370,"column":5}},{"start":{},"end":{}}],"line":363},"6":{"loc":{"start":{"line":364,"column":6},"end":{"line":367,"column":7}},"type":"if","locations":[{"start":{"line":364,"column":6},"end":{"line":367,"column":7}},{"start":{},"end":{}}],"line":364},"7":{"loc":{"start":{"line":372,"column":41},"end":{"line":372,"column":72}},"type":"cond-expr","locations":[{"start":{"line":372,"column":57},"end":{"line":372,"column":65}},{"start":{"line":372,"column":68},"end":{"line":372,"column":72}}],"line":372},"8":{"loc":{"start":{"line":382,"column":2},"end":{"line":399,"column":3}},"type":"if","locations":[{"start":{"line":382,"column":2},"end":{"line":399,"column":3}},{"start":{},"end":{}}],"line":382},"9":{"loc":{"start":{"line":402,"column":23},"end":{"line":404,"column":16}},"type":"cond-expr","locations":[{"start":{"line":403,"column":6},"end":{"line":403,"column":43}},{"start":{"line":404,"column":6},"end":{"line":404,"column":16}}],"line":402},"10":{"loc":{"start":{"line":407,"column":2},"end":{"line":421,"column":3}},"type":"if","locations":[{"start":{"line":407,"column":2},"end":{"line":421,"column":3}},{"start":{},"end":{}}],"line":407},"11":{"loc":{"start":{"line":423,"column":2},"end":{"line":443,"column":3}},"type":"if","locations":[{"start":{"line":423,"column":2},"end":{"line":443,"column":3}},{"start":{},"end":{}}],"line":423},"12":{"loc":{"start":{"line":426,"column":9},"end":{"line":434,"column":9}},"type":"binary-expr","locations":[{"start":{"line":426,"column":9},"end":{"line":426,"column":40}},{"start":{"line":427,"column":10},"end":{"line":433,"column":17}}],"line":426},"13":{"loc":{"start":{"line":445,"column":2},"end":{"line":463,"column":3}},"type":"if","locations":[{"start":{"line":445,"column":2},"end":{"line":463,"column":3}},{"start":{},"end":{}}],"line":445},"14":{"loc":{"start":{"line":448,"column":9},"end":{"line":456,"column":9}},"type":"binary-expr","locations":[{"start":{"line":448,"column":9},"end":{"line":448,"column":40}},{"start":{"line":449,"column":10},"end":{"line":455,"column":17}}],"line":448},"15":{"loc":{"start":{"line":465,"column":2},"end":{"line":484,"column":3}},"type":"if","locations":[{"start":{"line":465,"column":2},"end":{"line":484,"column":3}},{"start":{},"end":{}}],"line":465},"16":{"loc":{"start":{"line":468,"column":9},"end":{"line":476,"column":9}},"type":"binary-expr","locations":[{"start":{"line":468,"column":9},"end":{"line":468,"column":40}},{"start":{"line":469,"column":10},"end":{"line":475,"column":17}}],"line":468},"17":{"loc":{"start":{"line":486,"column":2},"end":{"line":505,"column":3}},"type":"if","locations":[{"start":{"line":486,"column":2},"end":{"line":505,"column":3}},{"start":{},"end":{}}],"line":486},"18":{"loc":{"start":{"line":489,"column":9},"end":{"line":497,"column":9}},"type":"binary-expr","locations":[{"start":{"line":489,"column":9},"end":{"line":489,"column":40}},{"start":{"line":490,"column":10},"end":{"line":496,"column":17}}],"line":489},"19":{"loc":{"start":{"line":507,"column":2},"end":{"line":541,"column":3}},"type":"if","locations":[{"start":{"line":507,"column":2},"end":{"line":541,"column":3}},{"start":{},"end":{}}],"line":507},"20":{"loc":{"start":{"line":509,"column":6},"end":{"line":512,"column":7}},"type":"if","locations":[{"start":{"line":509,"column":6},"end":{"line":512,"column":7}},{"start":{},"end":{}}],"line":509},"21":{"loc":{"start":{"line":517,"column":9},"end":{"line":523,"column":9}},"type":"binary-expr","locations":[{"start":{"line":517,"column":9},"end":{"line":517,"column":40}},{"start":{"line":518,"column":10},"end":{"line":522,"column":12}}],"line":517},"22":{"loc":{"start":{"line":525,"column":9},"end":{"line":531,"column":9}},"type":"cond-expr","locations":[{"start":{"line":526,"column":10},"end":{"line":528,"column":17}},{"start":{"line":530,"column":10},"end":{"line":530,"column":85}}],"line":525},"23":{"loc":{"start":{"line":646,"column":4},"end":{"line":652,"column":5}},"type":"if","locations":[{"start":{"line":646,"column":4},"end":{"line":652,"column":5}},{"start":{},"end":{}}],"line":646},"24":{"loc":{"start":{"line":646,"column":8},"end":{"line":646,"column":43}},"type":"binary-expr","locations":[{"start":{"line":646,"column":8},"end":{"line":646,"column":26}},{"start":{"line":646,"column":30},"end":{"line":646,"column":43}}],"line":646},"25":{"loc":{"start":{"line":656,"column":23},"end":{"line":656,"column":81}},"type":"binary-expr","locations":[{"start":{"line":656,"column":23},"end":{"line":656,"column":33}},{"start":{"line":656,"column":37},"end":{"line":656,"column":49}},{"start":{"line":656,"column":53},"end":{"line":656,"column":67}},{"start":{"line":656,"column":71},"end":{"line":656,"column":81}}],"line":656},"26":{"loc":{"start":{"line":668,"column":4},"end":{"line":668,"column":49}},"type":"if","locations":[{"start":{"line":668,"column":4},"end":{"line":668,"column":49}},{"start":{},"end":{}}],"line":668},"27":{"loc":{"start":{"line":670,"column":4},"end":{"line":670,"column":29}},"type":"if","locations":[{"start":{"line":670,"column":4},"end":{"line":670,"column":29}},{"start":{},"end":{}}],"line":670},"28":{"loc":{"start":{"line":672,"column":4},"end":{"line":676,"column":5}},"type":"if","locations":[{"start":{"line":672,"column":4},"end":{"line":676,"column":5}},{"start":{"line":674,"column":11},"end":{"line":676,"column":5}}],"line":672},"29":{"loc":{"start":{"line":681,"column":2},"end":{"line":696,"column":3}},"type":"if","locations":[{"start":{"line":681,"column":2},"end":{"line":696,"column":3}},{"start":{},"end":{}}],"line":681},"30":{"loc":{"start":{"line":700,"column":2},"end":{"line":719,"column":3}},"type":"if","locations":[{"start":{"line":700,"column":2},"end":{"line":719,"column":3}},{"start":{},"end":{}}],"line":700},"31":{"loc":{"start":{"line":700,"column":6},"end":{"line":700,"column":61}},"type":"binary-expr","locations":[{"start":{"line":700,"column":6},"end":{"line":700,"column":27}},{"start":{"line":700,"column":31},"end":{"line":700,"column":61}}],"line":700},"32":{"loc":{"start":{"line":705,"column":13},"end":{"line":707,"column":48}},"type":"cond-expr","locations":[{"start":{"line":706,"column":16},"end":{"line":706,"column":36}},{"start":{"line":707,"column":16},"end":{"line":707,"column":48}}],"line":705},"33":{"loc":{"start":{"line":729,"column":31},"end":{"line":729,"column":68}},"type":"binary-expr","locations":[{"start":{"line":729,"column":31},"end":{"line":729,"column":40}},{"start":{"line":729,"column":44},"end":{"line":729,"column":68}}],"line":729},"34":{"loc":{"start":{"line":730,"column":25},"end":{"line":730,"column":59}},"type":"binary-expr","locations":[{"start":{"line":730,"column":25},"end":{"line":730,"column":35}},{"start":{"line":730,"column":39},"end":{"line":730,"column":59}}],"line":730},"35":{"loc":{"start":{"line":739,"column":23},"end":{"line":739,"column":59}},"type":"binary-expr","locations":[{"start":{"line":739,"column":23},"end":{"line":739,"column":37}},{"start":{"line":739,"column":41},"end":{"line":739,"column":59}}],"line":739},"36":{"loc":{"start":{"line":740,"column":37},"end":{"line":740,"column":69}},"type":"binary-expr","locations":[{"start":{"line":740,"column":37},"end":{"line":740,"column":58}},{"start":{"line":740,"column":62},"end":{"line":740,"column":69}}],"line":740},"37":{"loc":{"start":{"line":743,"column":22},"end":{"line":743,"column":61}},"type":"binary-expr","locations":[{"start":{"line":743,"column":22},"end":{"line":743,"column":56}},{"start":{"line":743,"column":60},"end":{"line":743,"column":61}}],"line":743},"38":{"loc":{"start":{"line":748,"column":4},"end":{"line":748,"column":61}},"type":"binary-expr","locations":[{"start":{"line":748,"column":4},"end":{"line":748,"column":47}},{"start":{"line":748,"column":51},"end":{"line":748,"column":61}}],"line":748},"39":{"loc":{"start":{"line":751,"column":4},"end":{"line":751,"column":58}},"type":"binary-expr","locations":[{"start":{"line":751,"column":4},"end":{"line":751,"column":51}},{"start":{"line":751,"column":55},"end":{"line":751,"column":58}}],"line":751},"40":{"loc":{"start":{"line":753,"column":23},"end":{"line":753,"column":45}},"type":"binary-expr","locations":[{"start":{"line":753,"column":23},"end":{"line":753,"column":39}},{"start":{"line":753,"column":43},"end":{"line":753,"column":45}}],"line":753},"41":{"loc":{"start":{"line":789,"column":21},"end":{"line":789,"column":46}},"type":"binary-expr","locations":[{"start":{"line":789,"column":21},"end":{"line":789,"column":39}},{"start":{"line":789,"column":43},"end":{"line":789,"column":46}}],"line":789},"42":{"loc":{"start":{"line":790,"column":26},"end":{"line":792,"column":9}},"type":"cond-expr","locations":[{"start":{"line":791,"column":8},"end":{"line":791,"column":63}},{"start":{"line":792,"column":8},"end":{"line":792,"column":9}}],"line":790},"43":{"loc":{"start":{"line":798,"column":17},"end":{"line":798,"column":68}},"type":"binary-expr","locations":[{"start":{"line":798,"column":17},"end":{"line":798,"column":40}},{"start":{"line":798,"column":44},"end":{"line":798,"column":68}}],"line":798},"44":{"loc":{"start":{"line":806,"column":4},"end":{"line":810,"column":5}},"type":"if","locations":[{"start":{"line":806,"column":4},"end":{"line":810,"column":5}},{"start":{"line":808,"column":11},"end":{"line":810,"column":5}}],"line":806},"45":{"loc":{"start":{"line":819,"column":4},"end":{"line":819,"column":43}},"type":"if","locations":[{"start":{"line":819,"column":4},"end":{"line":819,"column":43}},{"start":{},"end":{}}],"line":819},"46":{"loc":{"start":{"line":830,"column":4},"end":{"line":833,"column":5}},"type":"if","locations":[{"start":{"line":830,"column":4},"end":{"line":833,"column":5}},{"start":{},"end":{}}],"line":830},"47":{"loc":{"start":{"line":835,"column":4},"end":{"line":835,"column":31}},"type":"if","locations":[{"start":{"line":835,"column":4},"end":{"line":835,"column":31}},{"start":{},"end":{}}],"line":835},"48":{"loc":{"start":{"line":845,"column":4},"end":{"line":845,"column":40}},"type":"if","locations":[{"start":{"line":845,"column":4},"end":{"line":845,"column":40}},{"start":{},"end":{}}],"line":845},"49":{"loc":{"start":{"line":847,"column":22},"end":{"line":847,"column":55}},"type":"binary-expr","locations":[{"start":{"line":847,"column":22},"end":{"line":847,"column":49}},{"start":{"line":847,"column":53},"end":{"line":847,"column":55}}],"line":847},"50":{"loc":{"start":{"line":880,"column":15},"end":{"line":882,"column":15}},"type":"binary-expr","locations":[{"start":{"line":880,"column":15},"end":{"line":880,"column":39}},{"start":{"line":880,"column":43},"end":{"line":880,"column":52}},{"start":{"line":881,"column":16},"end":{"line":881,"column":81}}],"line":880},"51":{"loc":{"start":{"line":896,"column":11},"end":{"line":928,"column":11}},"type":"cond-expr","locations":[{"start":{"line":897,"column":12},"end":{"line":899,"column":19}},{"start":{"line":901,"column":12},"end":{"line":927,"column":15}}],"line":896},"52":{"loc":{"start":{"line":898,"column":59},"end":{"line":898,"column":90}},"type":"cond-expr","locations":[{"start":{"line":898,"column":82},"end":{"line":898,"column":85}},{"start":{"line":898,"column":88},"end":{"line":898,"column":90}}],"line":898},"53":{"loc":{"start":{"line":925,"column":17},"end":{"line":925,"column":54}},"type":"cond-expr","locations":[{"start":{"line":925,"column":31},"end":{"line":925,"column":49}},{"start":{"line":925,"column":52},"end":{"line":925,"column":54}}],"line":925},"54":{"loc":{"start":{"line":932,"column":9},"end":{"line":945,"column":9}},"type":"binary-expr","locations":[{"start":{"line":932,"column":9},"end":{"line":932,"column":17}},{"start":{"line":933,"column":10},"end":{"line":944,"column":12}}],"line":932},"55":{"loc":{"start":{"line":948,"column":9},"end":{"line":955,"column":9}},"type":"binary-expr","locations":[{"start":{"line":948,"column":9},"end":{"line":948,"column":18}},{"start":{"line":948,"column":22},"end":{"line":948,"column":32}},{"start":{"line":948,"column":36},"end":{"line":948,"column":49}},{"start":{"line":949,"column":10},"end":{"line":954,"column":12}}],"line":948},"56":{"loc":{"start":{"line":958,"column":9},"end":{"line":1000,"column":9}},"type":"binary-expr","locations":[{"start":{"line":958,"column":9},"end":{"line":958,"column":18}},{"start":{"line":958,"column":22},"end":{"line":958,"column":32}},{"start":{"line":958,"column":36},"end":{"line":958,"column":50}},{"start":{"line":959,"column":10},"end":{"line":999,"column":17}}],"line":958},"57":{"loc":{"start":{"line":967,"column":13},"end":{"line":998,"column":13}},"type":"binary-expr","locations":[{"start":{"line":967,"column":13},"end":{"line":967,"column":25}},{"start":{"line":968,"column":14},"end":{"line":997,"column":21}}],"line":967},"58":{"loc":{"start":{"line":973,"column":20},"end":{"line":973,"column":77}},"type":"cond-expr","locations":[{"start":{"line":973,"column":33},"end":{"line":973,"column":53}},{"start":{"line":973,"column":56},"end":{"line":973,"column":77}}],"line":973},"59":{"loc":{"start":{"line":975,"column":27},"end":{"line":975,"column":76}},"type":"cond-expr","locations":[{"start":{"line":975,"column":40},"end":{"line":975,"column":59}},{"start":{"line":975,"column":62},"end":{"line":975,"column":76}}],"line":975},"60":{"loc":{"start":{"line":976,"column":38},"end":{"line":976,"column":83}},"type":"cond-expr","locations":[{"start":{"line":976,"column":51},"end":{"line":976,"column":69}},{"start":{"line":976,"column":72},"end":{"line":976,"column":83}}],"line":976},"61":{"loc":{"start":{"line":979,"column":21},"end":{"line":979,"column":64}},"type":"cond-expr","locations":[{"start":{"line":979,"column":34},"end":{"line":979,"column":50}},{"start":{"line":979,"column":53},"end":{"line":979,"column":64}}],"line":979},"62":{"loc":{"start":{"line":982,"column":17},"end":{"line":996,"column":17}},"type":"binary-expr","locations":[{"start":{"line":982,"column":17},"end":{"line":982,"column":27}},{"start":{"line":983,"column":18},"end":{"line":995,"column":30}}],"line":982},"63":{"loc":{"start":{"line":987,"column":22},"end":{"line":987,"column":59}},"type":"binary-expr","locations":[{"start":{"line":987,"column":22},"end":{"line":987,"column":33}},{"start":{"line":987,"column":37},"end":{"line":987,"column":59}}],"line":987},"64":{"loc":{"start":{"line":989,"column":29},"end":{"line":989,"column":75}},"type":"cond-expr","locations":[{"start":{"line":989,"column":43},"end":{"line":989,"column":58}},{"start":{"line":989,"column":61},"end":{"line":989,"column":75}}],"line":989},"65":{"loc":{"start":{"line":990,"column":40},"end":{"line":990,"column":92}},"type":"cond-expr","locations":[{"start":{"line":990,"column":54},"end":{"line":990,"column":72}},{"start":{"line":990,"column":75},"end":{"line":990,"column":92}}],"line":990},"66":{"loc":{"start":{"line":993,"column":23},"end":{"line":993,"column":55}},"type":"cond-expr","locations":[{"start":{"line":993,"column":37},"end":{"line":993,"column":45}},{"start":{"line":993,"column":48},"end":{"line":993,"column":55}}],"line":993},"67":{"loc":{"start":{"line":1003,"column":9},"end":{"line":1009,"column":9}},"type":"binary-expr","locations":[{"start":{"line":1003,"column":9},"end":{"line":1003,"column":18}},{"start":{"line":1003,"column":22},"end":{"line":1003,"column":31}},{"start":{"line":1003,"column":35},"end":{"line":1003,"column":50}},{"start":{"line":1004,"column":10},"end":{"line":1008,"column":12}}],"line":1003},"68":{"loc":{"start":{"line":1012,"column":9},"end":{"line":1060,"column":9}},"type":"binary-expr","locations":[{"start":{"line":1012,"column":9},"end":{"line":1012,"column":18}},{"start":{"line":1013,"column":10},"end":{"line":1059,"column":13}}],"line":1012},"69":{"loc":{"start":{"line":1018,"column":18},"end":{"line":1018,"column":72}},"type":"binary-expr","locations":[{"start":{"line":1018,"column":18},"end":{"line":1018,"column":44}},{"start":{"line":1018,"column":48},"end":{"line":1018,"column":72}}],"line":1018},"70":{"loc":{"start":{"line":1027,"column":20},"end":{"line":1027,"column":78}},"type":"binary-expr","locations":[{"start":{"line":1027,"column":20},"end":{"line":1027,"column":46}},{"start":{"line":1027,"column":50},"end":{"line":1027,"column":78}}],"line":1027},"71":{"loc":{"start":{"line":1037,"column":18},"end":{"line":1037,"column":75}},"type":"binary-expr","locations":[{"start":{"line":1037,"column":18},"end":{"line":1037,"column":32}},{"start":{"line":1037,"column":36},"end":{"line":1037,"column":47}},{"start":{"line":1037,"column":51},"end":{"line":1037,"column":75}}],"line":1037},"72":{"loc":{"start":{"line":1040,"column":26},"end":{"line":1040,"column":55}},"type":"binary-expr","locations":[{"start":{"line":1040,"column":26},"end":{"line":1040,"column":40}},{"start":{"line":1040,"column":44},"end":{"line":1040,"column":55}}],"line":1040},"73":{"loc":{"start":{"line":1042,"column":18},"end":{"line":1042,"column":77}},"type":"cond-expr","locations":[{"start":{"line":1042,"column":35},"end":{"line":1042,"column":53}},{"start":{"line":1042,"column":56},"end":{"line":1042,"column":77}}],"line":1042},"74":{"loc":{"start":{"line":1048,"column":20},"end":{"line":1048,"column":81}},"type":"binary-expr","locations":[{"start":{"line":1048,"column":20},"end":{"line":1048,"column":34}},{"start":{"line":1048,"column":38},"end":{"line":1048,"column":49}},{"start":{"line":1048,"column":53},"end":{"line":1048,"column":81}}],"line":1048},"75":{"loc":{"start":{"line":1051,"column":19},"end":{"line":1051,"column":63}},"type":"cond-expr","locations":[{"start":{"line":1051,"column":36},"end":{"line":1051,"column":54}},{"start":{"line":1051,"column":57},"end":{"line":1051,"column":63}}],"line":1051},"76":{"loc":{"start":{"line":1056,"column":13},"end":{"line":1058,"column":13}},"type":"binary-expr","locations":[{"start":{"line":1056,"column":13},"end":{"line":1056,"column":32}},{"start":{"line":1057,"column":14},"end":{"line":1057,"column":77}}],"line":1056}},"s":{"0":3,"1":3,"2":0,"3":0,"4":0,"5":0,"6":0,"7":0,"8":0,"9":0,"10":0,"11":0,"12":3,"13":3,"14":0,"15":3,"16":3,"17":0,"18":3,"19":3,"20":1,"21":1,"22":1,"23":1,"24":1,"25":1,"26":1,"27":0,"28":0,"29":0,"30":0,"31":1,"32":1,"33":1,"34":1,"35":1,"36":0,"37":1,"38":1,"39":1,"40":0,"41":0,"42":0,"43":0,"44":0,"45":0,"46":0,"47":0,"48":0,"49":0,"50":0,"51":0,"52":0,"53":1,"54":1,"55":0,"56":0,"57":0,"58":0,"59":0,"60":0,"61":0,"62":0,"63":0,"64":0,"65":0,"66":0,"67":0,"68":0,"69":0,"70":0,"71":0,"72":0,"73":0,"74":0,"75":0,"76":0,"77":0,"78":0,"79":0,"80":3,"81":3,"82":11,"83":11,"84":11,"85":11,"86":11,"87":11,"88":11,"89":11,"90":11,"91":11,"92":11,"93":11,"94":11,"95":11,"96":11,"97":11,"98":11,"99":11,"100":11,"101":11,"102":0,"103":0,"104":0,"105":0,"106":0,"107":11,"108":11,"109":11,"110":11,"111":11,"112":11,"113":9,"114":2,"115":2,"116":2,"117":0,"118":0,"119":0,"120":0,"121":11,"122":11,"123":2,"124":0,"125":9,"126":9,"127":0,"128":0,"129":9,"130":3,"131":9,"132":9,"133":9,"134":9,"135":9,"136":9,"137":0,"138":9,"139":9,"140":9,"141":9,"142":9,"143":9,"144":9,"145":9,"146":9,"147":9,"148":0,"149":9,"150":0,"151":9,"152":9,"153":0,"154":0,"155":0,"156":0,"157":0,"158":0,"159":9,"160":0,"161":0,"162":0,"163":0,"164":0,"165":0,"166":9,"167":0,"168":0,"169":9,"170":0,"171":0,"172":9,"173":0,"174":0,"175":0,"176":0,"177":0,"178":0,"179":0,"180":0,"181":0,"182":0,"183":0,"184":0,"185":9,"186":0,"187":0,"188":9,"189":0,"190":0,"191":0,"192":0,"193":0,"194":0,"195":0,"196":0,"197":0,"198":0,"199":9,"200":0,"201":0,"202":0,"203":0,"204":0,"205":0,"206":0,"207":0,"208":0,"209":0,"210":0,"211":0,"212":0,"213":9,"214":0,"215":0,"216":0,"217":0,"218":0,"219":0,"220":9,"221":0,"222":0,"223":9,"224":3},"f":{"0":0,"1":0,"2":0,"3":0,"4":0,"5":0,"6":1,"7":0,"8":0,"9":1,"10":1,"11":0,"12":0,"13":0,"14":0,"15":0,"16":0,"17":11,"18":11,"19":11,"20":11,"21":0,"22":0,"23":3,"24":0,"25":0,"26":0,"27":0,"28":0,"29":0,"30":0,"31":0,"32":0,"33":0,"34":0,"35":0,"36":0,"37":0,"38":0,"39":0,"40":0},"b":{"0":[0,0],"1":[1,1],"2":[0,1],"3":[1,0],"4":[1,0],"5":[0,0],"6":[0,0],"7":[0,0],"8":[1,0],"9":[0,0],"10":[0,0],"11":[0,0],"12":[0,0],"13":[0,0],"14":[0,0],"15":[0,0],"16":[0,0],"17":[0,0],"18":[0,0],"19":[0,0],"20":[0,0],"21":[0,0],"22":[0,0],"23":[0,11],"24":[11,0],"25":[11,0,0,0],"26":[9,2],"27":[2,0],"28":[0,0],"29":[2,9],"30":[0,9],"31":[9,9],"32":[0,0],"33":[9,8],"34":[9,9],"35":[9,0],"36":[9,0],"37":[9,9],"38":[0,0],"39":[0,0],"40":[9,0],"41":[0,0],"42":[0,0],"43":[0,0],"44":[0,0],"45":[0,0],"46":[0,0],"47":[0,0],"48":[0,0],"49":[0,0],"50":[9,7,6],"51":[1,8],"52":[0,1],"53":[0,8],"54":[9,1],"55":[9,8,8,0],"56":[9,8,8,8],"57":[8,8],"58":[0,8],"59":[0,8],"60":[0,8],"61":[0,8],"62":[8,0],"63":[0,0],"64":[0,0],"65":[0,0],"66":[0,0],"67":[9,8,0,0],"68":[9,8],"69":[8,8],"70":[8,8],"71":[8,5,0],"72":[8,5],"73":[5,3],"74":[8,5,0],"75":[5,3],"76":[8,0]},"_coverageSchema":"1a1c01bbd47fc00a2c39e90264f33305004495a9","hash":"8a6f9fbeb3ede19c64d24a520438ecba86327dde"}
}
