TN:
SF:src/screens/ActiveSessionScreen.tsx
FN:56,(anonymous_0)
FN:59,(anonymous_1)
FN:64,(anonymous_2)
FN:70,(anonymous_3)
FN:138,(anonymous_4)
FN:206,(anonymous_5)
FN:280,(anonymous_6)
FN:304,(anonymous_7)
FN:325,(anonymous_8)
FN:339,(anonymous_9)
FN:346,(anonymous_10)
FN:356,(anonymous_11)
FN:357,(anonymous_12)
FN:359,(anonymous_13)
FN:371,(anonymous_14)
FN:393,(anonymous_15)
FN:493,(anonymous_16)
FN:604,(anonymous_17)
FN:624,(anonymous_18)
FN:629,(anonymous_19)
FN:651,(anonymous_20)
FN:672,(anonymous_21)
FN:695,(anonymous_22)
FN:705,(anonymous_23)
FN:715,(anonymous_24)
FN:730,(anonymous_25)
FN:733,(anonymous_26)
FN:742,(anonymous_27)
FN:747,(anonymous_28)
FN:750,(anonymous_29)
FN:759,(anonymous_30)
FN:764,(anonymous_31)
FN:769,(anonymous_32)
FN:787,(anonymous_33)
FN:796,(anonymous_34)
FN:801,(anonymous_35)
FN:803,(anonymous_36)
FN:812,(anonymous_37)
FN:819,(anonymous_38)
FN:827,(anonymous_39)
FN:835,(anonymous_40)
FNF:41
FNH:5
FNDA:0,(anonymous_0)
FNDA:0,(anonymous_1)
FNDA:0,(anonymous_2)
FNDA:0,(anonymous_3)
FNDA:0,(anonymous_4)
FNDA:0,(anonymous_5)
FNDA:0,(anonymous_6)
FNDA:0,(anonymous_7)
FNDA:0,(anonymous_8)
FNDA:0,(anonymous_9)
FNDA:0,(anonymous_10)
FNDA:0,(anonymous_11)
FNDA:0,(anonymous_12)
FNDA:0,(anonymous_13)
FNDA:0,(anonymous_14)
FNDA:0,(anonymous_15)
FNDA:0,(anonymous_16)
FNDA:4,(anonymous_17)
FNDA:4,(anonymous_18)
FNDA:4,(anonymous_19)
FNDA:4,(anonymous_20)
FNDA:0,(anonymous_21)
FNDA:0,(anonymous_22)
FNDA:3,(anonymous_23)
FNDA:0,(anonymous_24)
FNDA:0,(anonymous_25)
FNDA:0,(anonymous_26)
FNDA:0,(anonymous_27)
FNDA:0,(anonymous_28)
FNDA:0,(anonymous_29)
FNDA:0,(anonymous_30)
FNDA:0,(anonymous_31)
FNDA:0,(anonymous_32)
FNDA:0,(anonymous_33)
FNDA:0,(anonymous_34)
FNDA:0,(anonymous_35)
FNDA:0,(anonymous_36)
FNDA:0,(anonymous_37)
FNDA:0,(anonymous_38)
FNDA:0,(anonymous_39)
FNDA:0,(anonymous_40)
DA:40,1
DA:56,1
DA:57,0
DA:59,0
DA:60,0
DA:64,0
DA:65,0
DA:66,0
DA:70,0
DA:71,0
DA:72,0
DA:75,0
DA:90,1
DA:138,1
DA:139,0
DA:157,1
DA:206,1
DA:207,0
DA:225,1
DA:280,1
DA:291,0
DA:293,0
DA:294,0
DA:298,0
DA:304,0
DA:310,0
DA:312,0
DA:313,0
DA:314,0
DA:325,0
DA:329,0
DA:339,0
DA:340,0
DA:341,0
DA:346,0
DA:347,0
DA:348,0
DA:349,0
DA:350,0
DA:351,0
DA:353,0
DA:354,0
DA:356,0
DA:357,0
DA:359,0
DA:360,0
DA:361,0
DA:362,0
DA:367,0
DA:368,0
DA:372,0
DA:386,0
DA:387,0
DA:390,0
DA:392,0
DA:393,0
DA:394,0
DA:395,0
DA:397,0
DA:408,0
DA:409,0
DA:430,0
DA:431,0
DA:450,0
DA:451,0
DA:471,0
DA:472,0
DA:492,0
DA:493,0
DA:494,0
DA:495,0
DA:496,0
DA:498,0
DA:500,0
DA:528,0
DA:531,1
DA:604,1
DA:605,4
DA:606,4
DA:607,4
DA:608,4
DA:611,4
DA:612,4
DA:613,4
DA:614,4
DA:615,4
DA:616,4
DA:618,4
DA:619,4
DA:620,4
DA:621,4
DA:622,4
DA:624,4
DA:625,4
DA:629,4
DA:630,4
DA:631,0
DA:632,0
DA:633,0
DA:634,0
DA:635,0
DA:640,4
DA:641,4
DA:643,4
DA:649,4
DA:651,4
DA:652,4
DA:653,1
DA:654,1
DA:655,0
DA:656,0
DA:657,0
DA:659,0
DA:663,4
DA:665,4
DA:666,1
DA:672,0
DA:682,3
DA:684,3
DA:685,0
DA:695,0
DA:705,3
DA:706,3
DA:708,3
DA:709,3
DA:713,3
DA:715,3
DA:716,0
DA:720,3
DA:721,3
DA:722,3
DA:723,3
DA:724,3
DA:725,3
DA:726,3
DA:727,3
DA:728,3
DA:730,3
DA:731,0
DA:733,3
DA:734,0
DA:736,3
DA:742,3
DA:743,0
DA:744,0
DA:745,0
DA:746,0
DA:747,0
DA:750,3
DA:751,0
DA:752,0
DA:753,0
DA:754,0
DA:755,0
DA:756,0
DA:759,3
DA:760,0
DA:761,0
DA:764,3
DA:765,0
DA:766,0
DA:769,3
DA:770,0
DA:771,0
DA:772,0
DA:773,0
DA:776,0
DA:785,0
DA:786,0
DA:787,0
DA:789,0
DA:790,0
DA:792,0
DA:796,3
DA:797,0
DA:798,0
DA:801,3
DA:802,0
DA:803,0
DA:804,0
DA:805,0
DA:806,0
DA:807,0
DA:808,0
DA:809,0
DA:812,3
DA:813,0
DA:814,0
DA:815,0
DA:817,0
DA:818,0
DA:819,0
DA:820,0
DA:821,0
DA:822,0
DA:823,0
DA:824,0
DA:827,3
DA:828,0
DA:829,0
DA:830,0
DA:831,0
DA:832,0
DA:835,3
DA:836,0
DA:837,0
DA:844,3
DA:1069,1
LF:208
LH:72
BRDA:65,0,0,0
BRDA:65,0,1,0
BRDA:298,1,0,0
BRDA:298,1,1,0
BRDA:340,2,0,0
BRDA:340,2,1,0
BRDA:340,3,0,0
BRDA:340,3,1,0
BRDA:347,4,0,0
BRDA:347,4,1,0
BRDA:348,5,0,0
BRDA:348,5,1,0
BRDA:349,6,0,0
BRDA:349,6,1,0
BRDA:357,7,0,0
BRDA:357,7,1,0
BRDA:360,8,0,0
BRDA:360,8,1,0
BRDA:367,9,0,0
BRDA:367,9,1,0
BRDA:387,10,0,0
BRDA:387,10,1,0
BRDA:392,11,0,0
BRDA:392,11,1,0
BRDA:408,12,0,0
BRDA:408,12,1,0
BRDA:411,13,0,0
BRDA:411,13,1,0
BRDA:430,14,0,0
BRDA:430,14,1,0
BRDA:433,15,0,0
BRDA:433,15,1,0
BRDA:450,16,0,0
BRDA:450,16,1,0
BRDA:453,17,0,0
BRDA:453,17,1,0
BRDA:471,18,0,0
BRDA:471,18,1,0
BRDA:474,19,0,0
BRDA:474,19,1,0
BRDA:492,20,0,0
BRDA:492,20,1,0
BRDA:494,21,0,0
BRDA:494,21,1,0
BRDA:502,22,0,0
BRDA:502,22,1,0
BRDA:510,23,0,0
BRDA:510,23,1,0
BRDA:630,24,0,0
BRDA:630,24,1,4
BRDA:630,25,0,4
BRDA:630,25,1,0
BRDA:640,26,0,4
BRDA:640,26,1,0
BRDA:640,26,2,0
BRDA:640,26,3,0
BRDA:652,27,0,3
BRDA:652,27,1,1
BRDA:654,28,0,1
BRDA:654,28,1,0
BRDA:656,29,0,0
BRDA:656,29,1,0
BRDA:665,30,0,1
BRDA:665,30,1,3
BRDA:684,31,0,0
BRDA:684,31,1,3
BRDA:684,32,0,3
BRDA:684,32,1,3
BRDA:689,33,0,0
BRDA:689,33,1,0
BRDA:722,34,0,3
BRDA:722,34,1,0
BRDA:723,35,0,3
BRDA:723,35,1,0
BRDA:726,36,0,3
BRDA:726,36,1,3
BRDA:731,37,0,0
BRDA:731,37,1,0
BRDA:734,38,0,0
BRDA:734,38,1,0
BRDA:736,39,0,3
BRDA:736,39,1,0
BRDA:772,40,0,0
BRDA:772,40,1,0
BRDA:773,41,0,0
BRDA:773,41,1,0
BRDA:781,42,0,0
BRDA:781,42,1,0
BRDA:789,43,0,0
BRDA:789,43,1,0
BRDA:802,44,0,0
BRDA:802,44,1,0
BRDA:813,45,0,0
BRDA:813,45,1,0
BRDA:818,46,0,0
BRDA:818,46,1,0
BRDA:828,47,0,0
BRDA:828,47,1,0
BRDA:830,48,0,0
BRDA:830,48,1,0
BRDA:876,49,0,0
BRDA:876,49,1,3
BRDA:878,50,0,0
BRDA:878,50,1,0
BRDA:905,51,0,0
BRDA:905,51,1,3
BRDA:912,52,0,3
BRDA:912,52,1,0
BRDA:927,53,0,3
BRDA:927,53,1,3
BRDA:927,53,2,3
BRDA:927,53,3,0
BRDA:937,54,0,3
BRDA:937,54,1,3
BRDA:937,54,2,3
BRDA:937,54,3,3
BRDA:946,55,0,3
BRDA:946,55,1,3
BRDA:952,56,0,0
BRDA:952,56,1,3
BRDA:954,57,0,0
BRDA:954,57,1,3
BRDA:955,58,0,0
BRDA:955,58,1,3
BRDA:958,59,0,0
BRDA:958,59,1,3
BRDA:961,60,0,3
BRDA:961,60,1,0
BRDA:966,61,0,0
BRDA:966,61,1,0
BRDA:968,62,0,0
BRDA:968,62,1,0
BRDA:969,63,0,0
BRDA:969,63,1,0
BRDA:972,64,0,0
BRDA:972,64,1,0
BRDA:982,65,0,3
BRDA:982,65,1,3
BRDA:982,65,2,0
BRDA:982,65,3,0
BRDA:991,66,0,3
BRDA:991,66,1,3
BRDA:997,67,0,3
BRDA:997,67,1,3
BRDA:1006,68,0,3
BRDA:1006,68,1,3
BRDA:1016,69,0,3
BRDA:1016,69,1,0
BRDA:1016,69,2,0
BRDA:1019,70,0,3
BRDA:1019,70,1,0
BRDA:1021,71,0,0
BRDA:1021,71,1,3
BRDA:1027,72,0,3
BRDA:1027,72,1,0
BRDA:1027,72,2,0
BRDA:1030,73,0,0
BRDA:1030,73,1,3
BRDA:1035,74,0,3
BRDA:1035,74,1,0
BRF:160
BRH:47
end_of_record
TN:
SF:src/screens/AddExerciseToWorkoutScreen.tsx
FN:60,(anonymous_0)
FN:67,(anonymous_1)
FN:88,(anonymous_2)
FN:161,(anonymous_3)
FN:168,(anonymous_4)
FN:194,(anonymous_5)
FN:201,(anonymous_6)
FN:210,(anonymous_7)
FN:213,(anonymous_8)
FN:218,(anonymous_9)
FN:270,(anonymous_10)
FN:272,(anonymous_11)
FN:285,(anonymous_12)
FN:287,(anonymous_13)
FNF:14
FNH:3
FNDA:5,(anonymous_0)
FNDA:0,(anonymous_1)
FNDA:0,(anonymous_2)
FNDA:20,(anonymous_3)
FNDA:0,(anonymous_4)
FNDA:0,(anonymous_5)
FNDA:15,(anonymous_6)
FNDA:0,(anonymous_7)
FNDA:0,(anonymous_8)
FNDA:0,(anonymous_9)
FNDA:0,(anonymous_10)
FNDA:0,(anonymous_11)
FNDA:0,(anonymous_12)
FNDA:0,(anonymous_13)
DA:23,1
DA:31,1
DA:42,1
DA:60,1
DA:61,5
DA:62,5
DA:63,5
DA:64,5
DA:66,5
DA:67,0
DA:69,5
DA:73,5
DA:74,5
DA:77,5
DA:78,5
DA:79,5
DA:80,5
DA:81,5
DA:84,5
DA:88,5
DA:89,0
DA:97,0
DA:98,0
DA:99,0
DA:100,0
DA:101,0
DA:102,0
DA:105,0
DA:106,0
DA:109,0
DA:110,0
DA:111,0
DA:118,0
DA:126,0
DA:127,0
DA:129,0
DA:133,5
DA:162,20
DA:168,0
DA:194,0
DA:202,15
DA:203,15
DA:211,0
DA:212,0
DA:213,0
DA:218,0
DA:271,0
DA:272,0
DA:286,0
DA:287,0
DA:331,1
LF:51
LH:24
BRDA:62,0,0,5
BRDA:62,0,1,0
BRDA:66,1,0,0
BRDA:66,1,1,5
BRDA:69,2,0,0
BRDA:69,2,1,5
BRDA:69,3,0,5
BRDA:69,3,1,0
BRDA:75,4,0,0
BRDA:75,4,1,5
BRDA:84,5,0,5
BRDA:84,5,1,0
BRDA:90,6,0,0
BRDA:90,6,1,0
BRDA:97,7,0,0
BRDA:97,7,1,0
BRDA:100,8,0,0
BRDA:100,8,1,0
BRDA:101,9,0,0
BRDA:101,9,1,0
BRDA:110,10,0,0
BRDA:110,10,1,0
BRDA:110,11,0,0
BRDA:110,11,1,0
BRDA:126,12,0,0
BRDA:126,12,1,0
BRDA:140,13,0,0
BRDA:140,13,1,5
BRDA:146,14,0,0
BRDA:146,14,1,0
BRDA:149,15,0,0
BRDA:149,15,1,0
BRDA:166,16,0,20
BRDA:166,16,1,5
BRDA:174,17,0,20
BRDA:174,17,1,5
BRDA:187,18,0,0
BRDA:187,18,1,5
BRDA:208,19,0,15
BRDA:208,19,1,0
BRDA:212,20,0,0
BRDA:212,20,1,0
BRDA:220,21,0,0
BRDA:220,21,1,15
BRDA:223,22,0,0
BRDA:223,22,1,15
BRDA:224,23,0,0
BRDA:224,23,1,15
BRDA:236,24,0,15
BRDA:236,24,1,0
BRDA:244,25,0,15
BRDA:244,25,1,0
BRDA:250,26,0,0
BRDA:250,26,1,15
BRDA:257,27,0,0
BRDA:257,27,1,5
BRDA:272,28,0,0
BRDA:272,28,1,0
BRDA:278,29,0,0
BRDA:278,29,1,5
BRDA:287,30,0,0
BRDA:287,30,1,0
BRDA:293,31,0,0
BRDA:293,31,1,5
BRDA:314,32,0,0
BRDA:314,32,1,5
BRDA:317,33,0,0
BRDA:317,33,1,5
BRF:68
BRH:24
end_of_record
