TN:
SF:src/screens/ActiveSessionScreen.tsx
FN:61,(anonymous_0)
FN:64,(anonymous_1)
FN:69,(anonymous_2)
FN:75,(anonymous_3)
FN:143,(anonymous_4)
FN:211,(anonymous_5)
FN:286,(anonymous_6)
FN:313,(anonymous_7)
FN:334,(anonymous_8)
FN:354,(anonymous_9)
FN:361,(anonymous_10)
FN:371,(anonymous_11)
FN:372,(anonymous_12)
FN:375,(anonymous_13)
FN:386,(anonymous_14)
FN:408,(anonymous_15)
FN:508,(anonymous_16)
FN:619,(anonymous_17)
FN:640,(anonymous_18)
FN:645,(anonymous_19)
FN:667,(anonymous_20)
FN:688,(anonymous_21)
FN:711,(anonymous_22)
FN:721,(anonymous_23)
FN:732,(anonymous_24)
FN:747,(anonymous_25)
FN:750,(anonymous_26)
FN:759,(anonymous_27)
FN:764,(anonymous_28)
FN:767,(anonymous_29)
FN:776,(anonymous_30)
FN:781,(anonymous_31)
FN:786,(anonymous_32)
FN:804,(anonymous_33)
FN:813,(anonymous_34)
FN:818,(anonymous_35)
FN:820,(anonymous_36)
FN:829,(anonymous_37)
FN:836,(anonymous_38)
FN:844,(anonymous_39)
FN:852,(anonymous_40)
FNF:41
FNH:8
FNDA:0,(anonymous_0)
FNDA:0,(anonymous_1)
FNDA:0,(anonymous_2)
FNDA:0,(anonymous_3)
FNDA:0,(anonymous_4)
FNDA:0,(anonymous_5)
FNDA:1,(anonymous_6)
FNDA:0,(anonymous_7)
FNDA:0,(anonymous_8)
FNDA:1,(anonymous_9)
FNDA:1,(anonymous_10)
FNDA:0,(anonymous_11)
FNDA:0,(anonymous_12)
FNDA:0,(anonymous_13)
FNDA:0,(anonymous_14)
FNDA:0,(anonymous_15)
FNDA:0,(anonymous_16)
FNDA:11,(anonymous_17)
FNDA:11,(anonymous_18)
FNDA:11,(anonymous_19)
FNDA:11,(anonymous_20)
FNDA:0,(anonymous_21)
FNDA:0,(anonymous_22)
FNDA:3,(anonymous_23)
FNDA:0,(anonymous_24)
FNDA:0,(anonymous_25)
FNDA:0,(anonymous_26)
FNDA:0,(anonymous_27)
FNDA:0,(anonymous_28)
FNDA:0,(anonymous_29)
FNDA:0,(anonymous_30)
FNDA:0,(anonymous_31)
FNDA:0,(anonymous_32)
FNDA:0,(anonymous_33)
FNDA:0,(anonymous_34)
FNDA:0,(anonymous_35)
FNDA:0,(anonymous_36)
FNDA:0,(anonymous_37)
FNDA:0,(anonymous_38)
FNDA:0,(anonymous_39)
FNDA:0,(anonymous_40)
DA:41,3
DA:61,3
DA:62,0
DA:64,0
DA:65,0
DA:69,0
DA:70,0
DA:71,0
DA:75,0
DA:76,0
DA:77,0
DA:80,0
DA:95,3
DA:143,3
DA:144,0
DA:162,3
DA:211,3
DA:212,0
DA:230,3
DA:286,3
DA:298,1
DA:300,1
DA:301,1
DA:302,1
DA:303,1
DA:307,1
DA:313,1
DA:319,0
DA:321,0
DA:322,0
DA:323,0
DA:334,1
DA:338,1
DA:348,1
DA:354,1
DA:355,1
DA:356,0
DA:361,1
DA:362,1
DA:363,0
DA:364,0
DA:365,0
DA:366,0
DA:368,0
DA:369,0
DA:371,0
DA:372,0
DA:374,0
DA:375,0
DA:376,0
DA:377,0
DA:382,1
DA:383,1
DA:387,0
DA:401,0
DA:402,0
DA:405,0
DA:407,0
DA:408,0
DA:409,0
DA:410,0
DA:412,0
DA:423,0
DA:424,0
DA:445,0
DA:446,0
DA:465,0
DA:466,0
DA:486,0
DA:487,0
DA:507,0
DA:508,0
DA:509,0
DA:510,0
DA:511,0
DA:513,0
DA:515,0
DA:543,0
DA:546,3
DA:619,3
DA:620,11
DA:621,11
DA:622,11
DA:623,11
DA:624,11
DA:627,11
DA:628,11
DA:629,11
DA:630,11
DA:631,11
DA:632,11
DA:634,11
DA:635,11
DA:636,11
DA:637,11
DA:638,11
DA:640,11
DA:641,11
DA:645,11
DA:646,11
DA:647,0
DA:648,0
DA:649,0
DA:650,0
DA:651,0
DA:656,11
DA:657,11
DA:659,11
DA:665,11
DA:667,11
DA:668,11
DA:669,2
DA:670,2
DA:671,0
DA:672,0
DA:673,0
DA:675,0
DA:679,11
DA:681,11
DA:682,2
DA:688,0
DA:698,9
DA:700,9
DA:701,0
DA:711,0
DA:721,9
DA:722,9
DA:724,9
DA:725,9
DA:729,9
DA:730,9
DA:732,9
DA:733,0
DA:737,9
DA:738,9
DA:739,9
DA:740,9
DA:741,9
DA:742,9
DA:743,9
DA:744,9
DA:745,9
DA:747,9
DA:748,0
DA:750,9
DA:751,0
DA:753,9
DA:759,9
DA:760,0
DA:761,0
DA:762,0
DA:763,0
DA:764,0
DA:767,9
DA:768,0
DA:769,0
DA:770,0
DA:771,0
DA:772,0
DA:773,0
DA:776,9
DA:777,0
DA:778,0
DA:781,9
DA:782,0
DA:783,0
DA:786,9
DA:787,0
DA:788,0
DA:789,0
DA:790,0
DA:793,0
DA:802,0
DA:803,0
DA:804,0
DA:806,0
DA:807,0
DA:809,0
DA:813,9
DA:814,0
DA:815,0
DA:818,9
DA:819,0
DA:820,0
DA:821,0
DA:822,0
DA:823,0
DA:824,0
DA:825,0
DA:826,0
DA:829,9
DA:830,0
DA:831,0
DA:832,0
DA:834,0
DA:835,0
DA:836,0
DA:837,0
DA:838,0
DA:839,0
DA:840,0
DA:841,0
DA:844,9
DA:845,0
DA:846,0
DA:847,0
DA:848,0
DA:849,0
DA:852,9
DA:853,0
DA:854,0
DA:861,9
DA:1090,3
LF:213
LH:90
BRDA:70,0,0,0
BRDA:70,0,1,0
BRDA:307,1,0,1
BRDA:307,1,1,1
BRDA:355,2,0,0
BRDA:355,2,1,1
BRDA:355,3,0,1
BRDA:355,3,1,0
BRDA:362,4,0,1
BRDA:362,4,1,0
BRDA:363,5,0,0
BRDA:363,5,1,0
BRDA:364,6,0,0
BRDA:364,6,1,0
BRDA:372,7,0,0
BRDA:372,7,1,0
BRDA:382,8,0,1
BRDA:382,8,1,0
BRDA:402,9,0,0
BRDA:402,9,1,0
BRDA:407,10,0,0
BRDA:407,10,1,0
BRDA:423,11,0,0
BRDA:423,11,1,0
BRDA:426,12,0,0
BRDA:426,12,1,0
BRDA:445,13,0,0
BRDA:445,13,1,0
BRDA:448,14,0,0
BRDA:448,14,1,0
BRDA:465,15,0,0
BRDA:465,15,1,0
BRDA:468,16,0,0
BRDA:468,16,1,0
BRDA:486,17,0,0
BRDA:486,17,1,0
BRDA:489,18,0,0
BRDA:489,18,1,0
BRDA:507,19,0,0
BRDA:507,19,1,0
BRDA:509,20,0,0
BRDA:509,20,1,0
BRDA:517,21,0,0
BRDA:517,21,1,0
BRDA:525,22,0,0
BRDA:525,22,1,0
BRDA:646,23,0,0
BRDA:646,23,1,11
BRDA:646,24,0,11
BRDA:646,24,1,0
BRDA:656,25,0,11
BRDA:656,25,1,0
BRDA:656,25,2,0
BRDA:656,25,3,0
BRDA:668,26,0,9
BRDA:668,26,1,2
BRDA:670,27,0,2
BRDA:670,27,1,0
BRDA:672,28,0,0
BRDA:672,28,1,0
BRDA:681,29,0,2
BRDA:681,29,1,9
BRDA:700,30,0,0
BRDA:700,30,1,9
BRDA:700,31,0,9
BRDA:700,31,1,9
BRDA:705,32,0,0
BRDA:705,32,1,0
BRDA:729,33,0,9
BRDA:729,33,1,8
BRDA:730,34,0,9
BRDA:730,34,1,9
BRDA:739,35,0,9
BRDA:739,35,1,0
BRDA:740,36,0,9
BRDA:740,36,1,0
BRDA:743,37,0,9
BRDA:743,37,1,9
BRDA:748,38,0,0
BRDA:748,38,1,0
BRDA:751,39,0,0
BRDA:751,39,1,0
BRDA:753,40,0,9
BRDA:753,40,1,0
BRDA:789,41,0,0
BRDA:789,41,1,0
BRDA:790,42,0,0
BRDA:790,42,1,0
BRDA:798,43,0,0
BRDA:798,43,1,0
BRDA:806,44,0,0
BRDA:806,44,1,0
BRDA:819,45,0,0
BRDA:819,45,1,0
BRDA:830,46,0,0
BRDA:830,46,1,0
BRDA:835,47,0,0
BRDA:835,47,1,0
BRDA:845,48,0,0
BRDA:845,48,1,0
BRDA:847,49,0,0
BRDA:847,49,1,0
BRDA:880,50,0,9
BRDA:880,50,1,7
BRDA:880,50,2,6
BRDA:896,51,0,1
BRDA:896,51,1,8
BRDA:898,52,0,0
BRDA:898,52,1,1
BRDA:925,53,0,0
BRDA:925,53,1,8
BRDA:932,54,0,9
BRDA:932,54,1,1
BRDA:948,55,0,9
BRDA:948,55,1,8
BRDA:948,55,2,8
BRDA:948,55,3,0
BRDA:958,56,0,9
BRDA:958,56,1,8
BRDA:958,56,2,8
BRDA:958,56,3,8
BRDA:967,57,0,8
BRDA:967,57,1,8
BRDA:973,58,0,0
BRDA:973,58,1,8
BRDA:975,59,0,0
BRDA:975,59,1,8
BRDA:976,60,0,0
BRDA:976,60,1,8
BRDA:979,61,0,0
BRDA:979,61,1,8
BRDA:982,62,0,8
BRDA:982,62,1,0
BRDA:987,63,0,0
BRDA:987,63,1,0
BRDA:989,64,0,0
BRDA:989,64,1,0
BRDA:990,65,0,0
BRDA:990,65,1,0
BRDA:993,66,0,0
BRDA:993,66,1,0
BRDA:1003,67,0,9
BRDA:1003,67,1,8
BRDA:1003,67,2,0
BRDA:1003,67,3,0
BRDA:1012,68,0,9
BRDA:1012,68,1,8
BRDA:1018,69,0,8
BRDA:1018,69,1,8
BRDA:1027,70,0,8
BRDA:1027,70,1,8
BRDA:1037,71,0,8
BRDA:1037,71,1,5
BRDA:1037,71,2,0
BRDA:1040,72,0,8
BRDA:1040,72,1,5
BRDA:1042,73,0,5
BRDA:1042,73,1,3
BRDA:1048,74,0,8
BRDA:1048,74,1,5
BRDA:1048,74,2,0
BRDA:1051,75,0,5
BRDA:1051,75,1,3
BRDA:1056,76,0,8
BRDA:1056,76,1,0
BRF:165
BRH:68
end_of_record
